\BOOKMARK [0][-]{chapter*.1}{\376\377\000K\000a\000t\000a\000\040\000P\000e\000n\000g\000a\000n\000t\000a\000r}{}% 1
\BOOKMARK [0][-]{section*.2}{\376\377\000D\000a\000f\000t\000a\000r\000\040\000I\000s\000i}{}% 2
\BOOKMARK [0][-]{section*.3}{\376\377\000D\000a\000f\000t\000a\000r\000\040\000G\000a\000m\000b\000a\000r}{}% 3
\BOOKMARK [0][-]{section*.4}{\376\377\000D\000a\000f\000t\000a\000r\000\040\000T\000a\000b\000e\000l}{}% 4
\BOOKMARK [0][-]{chapter.1}{\376\377\000P\000e\000n\000d\000a\000h\000u\000l\000u\000a\000n}{}% 5
\BOOKMARK [1][-]{section.1.1}{\376\377\000L\000a\000t\000a\000r\000\040\000B\000e\000l\000a\000k\000a\000n\000g}{chapter.1}% 6
\BOOKMARK [1][-]{section.1.2}{\376\377\000R\000u\000m\000u\000s\000a\000n\000\040\000M\000a\000s\000a\000l\000a\000h}{chapter.1}% 7
\BOOKMARK [1][-]{section.1.3}{\376\377\000T\000u\000j\000u\000a\000n}{chapter.1}% 8
\BOOKMARK [1][-]{section.1.4}{\376\377\000B\000a\000t\000a\000s\000a\000n\000\040\000M\000a\000s\000a\000l\000a\000h}{chapter.1}% 9
\BOOKMARK [1][-]{section.1.5}{\376\377\000M\000e\000t\000o\000d\000o\000l\000o\000g\000i}{chapter.1}% 10
\BOOKMARK [1][-]{section.1.6}{\376\377\000S\000i\000s\000t\000e\000m\000a\000t\000i\000k\000a\000\040\000P\000e\000m\000b\000a\000h\000a\000s\000a\000n}{chapter.1}% 11
\BOOKMARK [0][-]{chapter.2}{\376\377\000L\000a\000n\000d\000a\000s\000a\000n\000\040\000T\000e\000o\000r\000i}{}% 12
\BOOKMARK [1][-]{section.2.1}{\376\377\000M\000i\000c\000r\000o\000s\000o\000f\000t\000\040\000E\000x\000c\000e\000l}{chapter.2}% 13
\BOOKMARK [2][-]{subsection.2.1.1}{\376\377\000F\000i\000t\000u\000r\000\040\000D\000a\000s\000a\000r}{section.2.1}% 14
\BOOKMARK [2][-]{subsection.2.1.2}{\376\377\000F\000o\000r\000m\000a\000t\000\040\000F\000i\000l\000e}{section.2.1}% 15
\BOOKMARK [1][-]{section.2.2}{\376\377\000i\000C\000a\000l\000e\000n\000d\000a\000r}{chapter.2}% 16
\BOOKMARK [2][-]{subsection.2.2.1}{\376\377\000K\000o\000m\000p\000o\000n\000e\000n\000\040\000U\000t\000a\000m\000a}{section.2.2}% 17
\BOOKMARK [2][-]{subsection.2.2.2}{\376\377\000E\000v\000e\000n\000t\000\050\000V\000E\000V\000E\000N\000T\000\051}{section.2.2}% 18
\BOOKMARK [2][-]{subsection.2.2.3}{\376\377\000T\000i\000p\000e\000\040\000K\000o\000m\000p\000o\000n\000e\000n\000\040\000L\000a\000i\000n}{section.2.2}% 19
\BOOKMARK [1][-]{section.2.3}{\376\377\000A\000p\000a\000c\000h\000e\000\040\000P\000O\000I}{chapter.2}% 20
\BOOKMARK [2][-]{subsection.2.3.1}{\376\377\000K\000o\000m\000p\000o\000n\000e\000n\000\040\000A\000p\000a\000c\000h\000e\000\040\000P\000O\000I}{section.2.3}% 21
\BOOKMARK [2][-]{subsection.2.3.2}{\376\377\000K\000e\000l\000a\000s\000\040\000I\000n\000t\000i\000\040\000A\000p\000a\000c\000h\000e\000\040\000P\000O\000I}{section.2.3}% 22
\BOOKMARK [1][-]{section.2.4}{\376\377\000i\000C\000a\000l\0004\000j}{chapter.2}% 23
\BOOKMARK [2][-]{subsection.2.4.1}{\376\377\000K\000o\000m\000p\000o\000n\000e\000n\000\040\000i\000C\000a\000l\0004\000j}{section.2.4}% 24
\BOOKMARK [2][-]{subsection.2.4.2}{\376\377\000K\000e\000l\000a\000s\000\040\000I\000n\000t\000i\000\040\000d\000a\000r\000i\000\040\000i\000C\000a\000l\0004\000j}{section.2.4}% 25
\BOOKMARK [2][-]{subsection.2.4.3}{\376\377\000n\000e\000t\000.\000f\000o\000r\000t\000u\000n\000a\000.\000i\000c\000a\000l\0004\000j\000.\000d\000a\000t\000a}{section.2.4}% 26
\BOOKMARK [2][-]{subsection.2.4.4}{\376\377\000n\000e\000t\000.\000f\000o\000r\000t\000u\000n\000a\000.\000i\000c\000a\000l\0004\000j\000.\000f\000i\000l\000t\000e\000r}{section.2.4}% 27
\BOOKMARK [2][-]{subsection.2.4.5}{\376\377\000n\000e\000t\000.\000f\000o\000r\000t\000u\000n\000a\000.\000i\000c\000a\000l\0004\000j\000.\000m\000o\000d\000e\000l}{section.2.4}% 28
\BOOKMARK [2][-]{subsection.2.4.6}{\376\377\000n\000e\000t\000.\000f\000o\000r\000t\000u\000n\000a\000.\000i\000c\000a\000l\0004\000j\000.\000m\000o\000d\000e\000l\000.\000c\000o\000m\000p\000o\000n\000e\000n\000t}{section.2.4}% 29
\BOOKMARK [2][-]{subsection.2.4.7}{\376\377\000n\000e\000t\000.\000f\000o\000r\000t\000u\000n\000a\000.\000i\000c\000a\000l\0004\000j\000.\000m\000o\000d\000e\000l\000.\000p\000a\000r\000a\000m\000e\000t\000e\000r}{section.2.4}% 30
\BOOKMARK [2][-]{subsection.2.4.8}{\376\377\000n\000e\000t\000.\000f\000o\000r\000t\000u\000n\000a\000.\000i\000c\000a\000l\0004\000j\000.\000m\000o\000d\000e\000l\000.\000p\000r\000o\000p\000e\000r\000t\000y}{section.2.4}% 31
\BOOKMARK [2][-]{subsection.2.4.9}{\376\377\000n\000e\000t\000.\000f\000o\000r\000t\000u\000n\000a\000.\000i\000c\000a\000l\0004\000j\000.\000m\000o\000d\000e\000l\000.\000t\000r\000a\000n\000s\000f\000o\000r\000m}{section.2.4}% 32
\BOOKMARK [2][-]{subsection.2.4.10}{\376\377\000n\000e\000t\000.\000f\000o\000r\000t\000u\000n\000a\000.\000i\000c\000a\000l\0004\000j\000.\000m\000o\000d\000e\000l\000.\000u\000t\000i\000l}{section.2.4}% 33
\BOOKMARK [1][-]{section.2.5}{\376\377\000J\000a\000v\000a\000F\000X}{chapter.2}% 34
\BOOKMARK [2][-]{subsection.2.5.1}{\376\377\000S\000c\000e\000n\000e\000\040\000G\000r\000a\000p\000h}{section.2.5}% 35
\BOOKMARK [2][-]{subsection.2.5.2}{\376\377\000J\000a\000v\000a\000\040\000P\000u\000b\000l\000i\000c\000\040\000A\000P\000I\000\040\000u\000n\000t\000u\000k\000\040\000F\000i\000t\000u\000r\000\040\000J\000a\000v\000a\000F\000X}{section.2.5}% 36
\BOOKMARK [2][-]{subsection.2.5.3}{\376\377\000G\000r\000a\000p\000h\000i\000c\000\040\000S\000y\000s\000t\000e\000m}{section.2.5}% 37
\BOOKMARK [2][-]{subsection.2.5.4}{\376\377\000G\000l\000a\000s\000s\000\040\000W\000i\000n\000d\000o\000w\000i\000n\000g\000\040\000T\000o\000o\000l\000k\000i\000t}{section.2.5}% 38
\BOOKMARK [2][-]{subsection.2.5.5}{\376\377\000M\000e\000d\000i\000a\000\040\000d\000a\000n\000\040\000G\000a\000m\000b\000a\000r}{section.2.5}% 39
\BOOKMARK [2][-]{subsection.2.5.6}{\376\377\000K\000o\000m\000p\000o\000n\000e\000n\000\040\000W\000e\000b}{section.2.5}% 40
\BOOKMARK [2][-]{subsection.2.5.7}{\376\377\000C\000S\000S}{section.2.5}% 41
\BOOKMARK [2][-]{subsection.2.5.8}{\376\377\000U\000I\000\040\000C\000o\000n\000t\000r\000o\000l}{section.2.5}% 42
\BOOKMARK [2][-]{subsection.2.5.9}{\376\377\000L\000a\000y\000o\000u\000t}{section.2.5}% 43
\BOOKMARK [2][-]{subsection.2.5.10}{\376\377\000T\000r\000a\000n\000s\000f\000o\000r\000m\000a\000s\000i\000\040\0002\000-\000D\000\040\000d\000a\000n\000\040\0003\000-\000D}{section.2.5}% 44
\BOOKMARK [2][-]{subsection.2.5.11}{\376\377\000K\000o\000m\000p\000o\000n\000e\000n\000\040\000J\000a\000v\000a\000F\000X}{section.2.5}% 45
\BOOKMARK [2][-]{subsection.2.5.12}{\376\377\000P\000r\000o\000p\000e\000r\000t\000y}{section.2.5}% 46
\BOOKMARK [2][-]{subsection.2.5.13}{\376\377\000j\000a\000v\000a\000f\000x\000.\000c\000o\000l\000l\000e\000c\000t\000i\000o\000n\000s}{section.2.5}% 47
\BOOKMARK [2][-]{subsection.2.5.14}{\376\377\000j\000a\000v\000a\000f\000x\000.\000s\000c\000e\000n\000e\000.\000c\000o\000n\000t\000r\000o\000l}{section.2.5}% 48
\BOOKMARK [0][-]{chapter.3}{\376\377\000A\000n\000a\000l\000i\000s\000i\000s}{}% 49
\BOOKMARK [1][-]{section.3.1}{\376\377\000A\000n\000a\000l\000i\000s\000i\000s\000\040\000I\000n\000p\000u\000t}{chapter.3}% 50
\BOOKMARK [2][-]{subsection.3.1.1}{\376\377\000A\000n\000a\000l\000i\000s\000i\000s\000\040\000F\000i\000l\000e\000\040\000E\000x\000c\000e\000l\000\040\000J\000a\000d\000w\000a\000l\000\040\000M\000e\000n\000g\000a\000w\000a\000s\000\040\000U\000j\000i\000a\000n}{section.3.1}% 51
\BOOKMARK [2][-]{subsection.3.1.2}{\376\377\000F\000l\000o\000w\000c\000h\000a\000r\000t\000\040\000K\000o\000n\000v\000e\000r\000s\000i\000\040\000A\000r\000r\000a\000y\000L\000i\000s\000t\000\040\000J\000a\000d\000w\000a\000l\000\040\000k\000e\000\040\000i\000C\000a\000l\000e\000n\000d\000a\000r}{section.3.1}% 52
\BOOKMARK [2][-]{subsection.3.1.3}{\376\377\000A\000n\000a\000l\000i\000s\000i\000s\000\040\000K\000e\000b\000u\000t\000u\000h\000a\000n\000\040\000P\000e\000r\000a\000n\000g\000k\000a\000t\000\040\000L\000u\000n\000a\000k}{section.3.1}% 53
\BOOKMARK [1][-]{section.3.2}{\376\377\000U\000s\000e\000\040\000C\000a\000s\000e\000\040\000P\000e\000r\000a\000n\000g\000k\000a\000t\000\040\000L\000u\000n\000a\000k}{chapter.3}% 54
\BOOKMARK [1][-]{section.3.3}{\376\377\000D\000i\000a\000g\000r\000a\000m\000\040\000A\000k\000t\000i\000f\000i\000t\000a\000s}{chapter.3}% 55
\BOOKMARK [2][-]{subsection.3.3.1}{\376\377\000M\000e\000m\000a\000s\000u\000k\000a\000n\000\040\000E\000x\000c\000e\000l\000\040\000J\000a\000d\000w\000a\000l\000\040\000M\000e\000n\000g\000a\000w\000a\000s\000\040\000U\000j\000i\000a\000n}{section.3.3}% 56
\BOOKMARK [2][-]{subsection.3.3.2}{\376\377\000S\000o\000r\000t\000i\000n\000g\000\040\000N\000a\000m\000a\000\040\000P\000e\000n\000g\000a\000w\000a\000s}{section.3.3}% 57
\BOOKMARK [2][-]{subsection.3.3.3}{\376\377\000U\000n\000d\000u\000h\000\040\000F\000i\000l\000e\000\040\000i\000C\000a\000l}{section.3.3}% 58
\BOOKMARK [1][-]{section.3.4}{\376\377\000P\000e\000m\000o\000d\000e\000l\000a\000n\000\040\000K\000e\000l\000a\000s}{chapter.3}% 59
\BOOKMARK [0][-]{chapter.4}{\376\377\000P\000e\000r\000a\000n\000c\000a\000n\000g\000a\000n}{}% 60
\BOOKMARK [1][-]{section.4.1}{\376\377\000P\000e\000r\000a\000n\000c\000a\000n\000g\000a\000n\000\040\000D\000i\000a\000g\000r\000a\000m\000\040\000K\000e\000l\000a\000s}{chapter.4}% 61
\BOOKMARK [1][-]{section.4.2}{\376\377\000R\000a\000n\000c\000a\000n\000g\000a\000n\000\040\000M\000e\000t\000h\000o\000d\000-\000M\000e\000t\000h\000o\000d\000\040\000U\000t\000a\000m\000a}{chapter.4}% 62
\BOOKMARK [1][-]{section.4.3}{\376\377\000P\000e\000r\000a\000n\000c\000a\000n\000g\000a\000n\000\040\000A\000n\000t\000a\000r\000m\000u\000k\000a}{chapter.4}% 63
\BOOKMARK [0][-]{chapter.5}{\376\377\000I\000m\000p\000l\000e\000m\000e\000n\000t\000a\000s\000i\000\040\000d\000a\000n\000\040\000P\000e\000n\000g\000u\000j\000i\000a\000n}{}% 64
\BOOKMARK [1][-]{section.5.1}{\376\377\000I\000m\000p\000l\000e\000m\000e\000n\000t\000a\000s\000i}{chapter.5}% 65
\BOOKMARK [2][-]{subsection.5.1.1}{\376\377\000L\000i\000n\000g\000k\000u\000n\000g\000a\000n\000\040\000I\000m\000p\000l\000e\000m\000e\000n\000t\000a\000s\000i}{section.5.1}% 66
\BOOKMARK [2][-]{subsection.5.1.2}{\376\377\000I\000m\000p\000l\000e\000m\000e\000n\000t\000a\000s\000i\000\040\000P\000r\000o\000g\000r\000a\000m}{section.5.1}% 67
\BOOKMARK [1][-]{section.5.2}{\376\377\000I\000m\000p\000l\000e\000m\000e\000n\000t\000a\000s\000i\000\040\000A\000n\000t\000a\000r\000m\000u\000k\000a}{chapter.5}% 68
\BOOKMARK [1][-]{section.5.3}{\376\377\000P\000e\000n\000g\000u\000j\000i\000a\000n}{chapter.5}% 69
\BOOKMARK [2][-]{subsection.5.3.1}{\376\377\000P\000e\000n\000g\000u\000j\000i\000a\000n\000\040\000F\000u\000n\000g\000s\000i\000o\000n\000a\000l}{section.5.3}% 70
\BOOKMARK [2][-]{subsection.5.3.2}{\376\377\000P\000e\000n\000g\000u\000j\000i\000a\000n\000\040\000E\000k\000s\000p\000e\000r\000i\000m\000e\000n\000t\000a\000l}{section.5.3}% 71
\BOOKMARK [2][-]{subsection.5.3.3}{\376\377\000K\000e\000s\000i\000m\000p\000u\000l\000a\000n\000\040\000P\000e\000n\000g\000u\000j\000i\000a\000n}{section.5.3}% 72
\BOOKMARK [0][-]{chapter.6}{\376\377\000K\000e\000s\000i\000m\000p\000u\000l\000a\000n}{}% 73
\BOOKMARK [1][-]{subsection.6.0.4}{\376\377\000K\000e\000s\000i\000m\000p\000u\000l\000a\000n}{chapter.6}% 74
\BOOKMARK [2][-]{subsection.6.0.5}{\376\377\000S\000a\000r\000a\000n}{subsection.6.0.4}% 75
\BOOKMARK [0][-]{chapter*.30}{\376\377\000D\000a\000f\000t\000a\000r\000\040\000R\000e\000f\000e\000r\000e\000n\000s\000i}{}% 76
\BOOKMARK [0][-]{appendix.A}{\376\377\000K\000o\000d\000e\000\040\000P\000r\000o\000g\000r\000a\000m}{}% 77
\BOOKMARK [0][-]{appendix.B}{\376\377\000F\000i\000l\000e\000\040\000E\000x\000c\000e\000l}{}% 78
