This is pdfTeX, Version 3.1415926-2.5-1.40.14 (MiKTeX 2.9) (preloaded format=pdflatex 2015.2.6)  2 NOV 2016 08:57
entering extended mode
**skripsi.tex
(C:\Users\Ariq\Skripsi\doc\DokumenSkripsi\skripsi.tex
LaTeX2e <2011/06/27>
Babel <v3.8m> and hyphenation patterns for english, afrikaans, ancientgreek, arabic, armenian, assamese, basque, bengali
, bokmal, bulgarian, catalan, coptic, croatian, czech, danish, dutch, esperanto, estonian, farsi, finnish, french, galic
ian, german, german-x-2013-05-26, greek, gujarati, hindi, hungarian, icelandic, indonesian, interlingua, irish, italian,
 kannada, kurmanji, latin, latvian, lithuanian, malayalam, marathi, mongolian, mongolianlmc, monogreek, ngerman, ngerman
-x-2013-05-26, nynorsk, oriya, panjabi, pinyin, polish, portuguese, romanian, russian, sanskrit, serbian, slovak, sloven
ian, spanish, swedish, swissgerman, tamil, telugu, turkish, turkmen, ukenglish, ukrainian, uppersorbian, usenglishmax, w
elsh, loaded.
("C:\Program Files (x86)\MiKTeX 2.9\tex\latex\base\report.cls"
Document Class: report 2007/10/19 v1.4h Standard LaTeX document class
("C:\Program Files (x86)\MiKTeX 2.9\tex\latex\base\size11.clo"
File: size11.clo 2007/10/19 v1.4h Standard LaTeX file (size option)
)
\c@part=\count79
\c@chapter=\count80
\c@section=\count81
\c@subsection=\count82
\c@subsubsection=\count83
\c@paragraph=\count84
\c@subparagraph=\count85
\c@figure=\count86
\c@table=\count87
\abovecaptionskip=\skip41
\belowcaptionskip=\skip42
\bibindent=\dimen102
)
("C:\Program Files (x86)\MiKTeX 2.9\tex\latex\lm\lmodern.sty"
Package: lmodern 2009/10/30 v1.6 Latin Modern Fonts
LaTeX Font Info:    Overwriting symbol font `operators' in version `normal'
(Font)                  OT1/cmr/m/n --> OT1/lmr/m/n on input line 22.
LaTeX Font Info:    Overwriting symbol font `letters' in version `normal'
(Font)                  OML/cmm/m/it --> OML/lmm/m/it on input line 23.
LaTeX Font Info:    Overwriting symbol font `symbols' in version `normal'
(Font)                  OMS/cmsy/m/n --> OMS/lmsy/m/n on input line 24.
LaTeX Font Info:    Overwriting symbol font `largesymbols' in version `normal'
(Font)                  OMX/cmex/m/n --> OMX/lmex/m/n on input line 25.
LaTeX Font Info:    Overwriting symbol font `operators' in version `bold'
(Font)                  OT1/cmr/bx/n --> OT1/lmr/bx/n on input line 26.
LaTeX Font Info:    Overwriting symbol font `letters' in version `bold'
(Font)                  OML/cmm/b/it --> OML/lmm/b/it on input line 27.
LaTeX Font Info:    Overwriting symbol font `symbols' in version `bold'
(Font)                  OMS/cmsy/b/n --> OMS/lmsy/b/n on input line 28.
LaTeX Font Info:    Overwriting symbol font `largesymbols' in version `bold'
(Font)                  OMX/cmex/m/n --> OMX/lmex/m/n on input line 29.
LaTeX Font Info:    Overwriting math alphabet `\mathbf' in version `normal'
(Font)                  OT1/cmr/bx/n --> OT1/lmr/bx/n on input line 31.
LaTeX Font Info:    Overwriting math alphabet `\mathsf' in version `normal'
(Font)                  OT1/cmss/m/n --> OT1/lmss/m/n on input line 32.
LaTeX Font Info:    Overwriting math alphabet `\mathit' in version `normal'
(Font)                  OT1/cmr/m/it --> OT1/lmr/m/it on input line 33.
LaTeX Font Info:    Overwriting math alphabet `\mathtt' in version `normal'
(Font)                  OT1/cmtt/m/n --> OT1/lmtt/m/n on input line 34.
LaTeX Font Info:    Overwriting math alphabet `\mathbf' in version `bold'
(Font)                  OT1/cmr/bx/n --> OT1/lmr/bx/n on input line 35.
LaTeX Font Info:    Overwriting math alphabet `\mathsf' in version `bold'
(Font)                  OT1/cmss/bx/n --> OT1/lmss/bx/n on input line 36.
LaTeX Font Info:    Overwriting math alphabet `\mathit' in version `bold'
(Font)                  OT1/cmr/bx/it --> OT1/lmr/bx/it on input line 37.
LaTeX Font Info:    Overwriting math alphabet `\mathtt' in version `bold'
(Font)                  OT1/cmtt/m/n --> OT1/lmtt/m/n on input line 38.
)
("C:\Program Files (x86)\MiKTeX 2.9\tex\generic\babel\babel.sty"
Package: babel 2008/07/08 v3.8m The Babel package

*************************************
* Local config file bblopts.cfg used
*
("C:\Program Files (x86)\MiKTeX 2.9\tex\latex\00miktex\bblopts.cfg"
File: bblopts.cfg 2006/07/31 v1.0 MiKTeX 'babel' configuration
)
("C:\Program Files (x86)\MiKTeX 2.9\tex\generic\babel\bahasai.ldf"
Language: bahasa 2008/03/15 v1.0l Bahasa Indonesia support from the babel system

("C:\Program Files (x86)\MiKTeX 2.9\tex\generic\babel\babel.def"
File: babel.def 2008/07/08 v3.8m Babel common definitions
\babel@savecnt=\count88
\U@D=\dimen103
)))
("C:\Program Files (x86)\MiKTeX 2.9\tex\latex\base\fontenc.sty"
Package: fontenc 2005/09/27 v1.99g Standard LaTeX package

("C:\Program Files (x86)\MiKTeX 2.9\tex\latex\base\t1enc.def"
File: t1enc.def 2005/09/27 v1.99g Standard LaTeX file
LaTeX Font Info:    Redeclaring font encoding T1 on input line 43.
))
(C:\Users\Ariq\AppData\Roaming\MiKTeX\2.9\tex\latex\abstract\abstract.sty
Package: abstract 2009/06/08 v1.2a configurable abstracts
\abstitleskip=\skip43
\absleftindent=\skip44
\absrightindent=\skip45
\absparindent=\skip46
\absparsep=\skip47
)
(C:\Users\Ariq\AppData\Roaming\MiKTeX\2.9\tex\latex\chappg\chappg.sty
Package: chappg 2006/05/09 v2.1b page numbering by chapter number pages by chapter (or other unit)
)
("C:\Program Files (x86)\MiKTeX 2.9\tex\latex\graphics\color.sty"
Package: color 2005/11/14 v1.0j Standard LaTeX Color (DPC)

("C:\Program Files (x86)\MiKTeX 2.9\tex\latex\00miktex\color.cfg"
File: color.cfg 2007/01/18 v1.5 color configuration of teTeX/TeXLive
)
Package color Info: Driver file: pdftex.def on input line 130.

("C:\Program Files (x86)\MiKTeX 2.9\tex\latex\pdftex-def\pdftex.def"
File: pdftex.def 2011/05/27 v0.06d Graphics/color for pdfTeX

("C:\Program Files (x86)\MiKTeX 2.9\tex\generic\oberdiek\infwarerr.sty"
Package: infwarerr 2010/04/08 v1.3 Providing info/warning/error messages (HO)
)
("C:\Program Files (x86)\MiKTeX 2.9\tex\generic\oberdiek\ltxcmds.sty"
Package: ltxcmds 2011/11/09 v1.22 LaTeX kernel commands for general use (HO)
)
\Gread@gobject=\count89
))
(C:\Users\Ariq\AppData\Roaming\MiKTeX\2.9\tex\latex\etoolbox\etoolbox.sty
Package: etoolbox 2011/01/03 v2.1 e-TeX tools for LaTeX

("C:\Program Files (x86)\MiKTeX 2.9\tex\latex\misc\etex.sty"
Package: etex 1998/03/26 v2.0 eTeX basic definition package (PEB)
\et@xins=\count90
)
\etb@tempcnta=\count91
)
(C:\Users\Ariq\AppData\Roaming\MiKTeX\2.9\tex\latex\fancyhdr\fancyhdr.sty
\fancy@headwidth=\skip48
\f@ncyO@elh=\skip49
\f@ncyO@erh=\skip50
\f@ncyO@olh=\skip51
\f@ncyO@orh=\skip52
\f@ncyO@elf=\skip53
\f@ncyO@erf=\skip54
\f@ncyO@olf=\skip55
\f@ncyO@orf=\skip56
)
("C:\Program Files (x86)\MiKTeX 2.9\tex\latex\float\float.sty"
Package: float 2001/11/08 v1.3d Float enhancements (AL)
\c@float@type=\count92
\float@exts=\toks14
\float@box=\box26
\@float@everytoks=\toks15
\@floatcapt=\box27
)
("C:\Program Files (x86)\MiKTeX 2.9\tex\latex\geometry\geometry.sty"
Package: geometry 2010/09/12 v5.6 Page Geometry

("C:\Program Files (x86)\MiKTeX 2.9\tex\latex\graphics\keyval.sty"
Package: keyval 1999/03/16 v1.13 key=value parser (DPC)
\KV@toks@=\toks16
)
("C:\Program Files (x86)\MiKTeX 2.9\tex\generic\oberdiek\ifpdf.sty"
Package: ifpdf 2011/01/30 v2.3 Provides the ifpdf switch (HO)
Package ifpdf Info: pdfTeX in PDF mode is detected.
)
("C:\Program Files (x86)\MiKTeX 2.9\tex\generic\oberdiek\ifvtex.sty"
Package: ifvtex 2010/03/01 v1.5 Detect VTeX and its facilities (HO)
Package ifvtex Info: VTeX not detected.
)
("C:\Program Files (x86)\MiKTeX 2.9\tex\generic\ifxetex\ifxetex.sty"
Package: ifxetex 2010/09/12 v0.6 Provides ifxetex conditional
)
\Gm@cnth=\count93
\Gm@cntv=\count94
\c@Gm@tempcnt=\count95
\Gm@bindingoffset=\dimen104
\Gm@wd@mp=\dimen105
\Gm@odd@mp=\dimen106
\Gm@even@mp=\dimen107
\Gm@layoutwidth=\dimen108
\Gm@layoutheight=\dimen109
\Gm@layouthoffset=\dimen110
\Gm@layoutvoffset=\dimen111
\Gm@dimlist=\toks17

("C:\Program Files (x86)\MiKTeX 2.9\tex\latex\geometry\geometry.cfg"))
("C:\Program Files (x86)\MiKTeX 2.9\tex\latex\graphics\graphicx.sty"
Package: graphicx 1999/02/16 v1.0f Enhanced LaTeX Graphics (DPC,SPQR)

("C:\Program Files (x86)\MiKTeX 2.9\tex\latex\graphics\graphics.sty"
Package: graphics 2009/02/05 v1.0o Standard LaTeX Graphics (DPC,SPQR)

("C:\Program Files (x86)\MiKTeX 2.9\tex\latex\graphics\trig.sty"
Package: trig 1999/03/16 v1.09 sin cos tan (DPC)
)
("C:\Program Files (x86)\MiKTeX 2.9\tex\latex\00miktex\graphics.cfg"
File: graphics.cfg 2007/01/18 v1.5 graphics configuration of teTeX/TeXLive
)
Package graphics Info: Driver file: pdftex.def on input line 91.
)
\Gin@req@height=\dimen112
\Gin@req@width=\dimen113
)
(C:\Users\Ariq\AppData\Roaming\MiKTeX\2.9\tex\latex\listings\listings.sty
\lst@mode=\count96
\lst@gtempboxa=\box28
\lst@token=\toks18
\lst@length=\count97
\lst@currlwidth=\dimen114
\lst@column=\count98
\lst@pos=\count99
\lst@lostspace=\dimen115
\lst@width=\dimen116
\lst@newlines=\count100
\lst@lineno=\count101
\lst@maxwidth=\dimen117

(C:\Users\Ariq\AppData\Roaming\MiKTeX\2.9\tex\latex\listings\lstmisc.sty
File: lstmisc.sty 2014/09/06 1.5e (Carsten Heinz)
\c@lstnumber=\count102
\lst@skipnumbers=\count103
\lst@framebox=\box29
)
(C:\Users\Ariq\AppData\Roaming\MiKTeX\2.9\tex\latex\listings\listings.cfg
File: listings.cfg 2014/09/06 1.5e listings configuration
))
Package: listings 2014/09/06 1.5e (Carsten Heinz)

("C:\Program Files (x86)\MiKTeX 2.9\tex\latex\graphics\lscape.sty"
Package: lscape 2000/10/22 v3.01 Landscape Pages (DPC)
)
("C:\Program Files (x86)\MiKTeX 2.9\tex\latex\tools\multicol.sty"
Package: multicol 2011/06/27 v1.7a multicolumn formatting (FMi)
\c@tracingmulticols=\count104
\mult@box=\box30
\multicol@leftmargin=\dimen118
\c@unbalance=\count105
\c@collectmore=\count106
\doublecol@number=\count107
\multicoltolerance=\count108
\multicolpretolerance=\count109
\full@width=\dimen119
\page@free=\dimen120
\premulticols=\dimen121
\postmulticols=\dimen122
\multicolsep=\skip57
\multicolbaselineskip=\skip58
\partial@page=\box31
\last@line=\box32
\mult@rightbox=\box33
\mult@grightbox=\box34
\mult@gfirstbox=\box35
\mult@firstbox=\box36
\@tempa=\box37
\@tempa=\box38
\@tempa=\box39
\@tempa=\box40
\@tempa=\box41
\@tempa=\box42
\@tempa=\box43
\@tempa=\box44
\@tempa=\box45
\@tempa=\box46
\@tempa=\box47
\@tempa=\box48
\@tempa=\box49
\@tempa=\box50
\@tempa=\box51
\@tempa=\box52
\@tempa=\box53
\c@columnbadness=\count110
\c@finalcolumnbadness=\count111
\last@try=\dimen123
\multicolovershoot=\dimen124
\multicolundershoot=\dimen125
\mult@nat@firstbox=\box54
\colbreak@box=\box55
\multicol@sort@counter=\count112
)
("C:\Program Files (x86)\MiKTeX 2.9\tex\latex\base\ifthen.sty"
Package: ifthen 2001/05/26 v1.1c Standard LaTeX ifthen package (DPC)
)
(C:\Users\Ariq\AppData\Roaming\MiKTeX\2.9\tex\latex\lineno\lineno.sty
Package: lineno 2005/11/02 line numbers on paragraphs v4.41
\linenopenalty=\count113
\output=\toks19
\linenoprevgraf=\count114
\linenumbersep=\dimen126
\linenumberwidth=\dimen127
\c@linenumber=\count115
\c@pagewiselinenumber=\count116
\c@LN@truepage=\count117
\c@internallinenumber=\count118
\c@internallinenumbers=\count119
\quotelinenumbersep=\dimen128
\bframerule=\dimen129
\bframesep=\dimen130
\bframebox=\box56
LaTeX Info: Redefining \\ on input line 3056.
)
(C:\Users\Ariq\AppData\Roaming\MiKTeX\2.9\tex\latex\kantlipsum\kantlipsum.sty
(C:\Users\Ariq\AppData\Roaming\MiKTeX\2.9\tex\latex\l3kernel\expl3.sty
Package: expl3 2016/10/19 v6730 L3 programming layer (loader) 

(C:\Users\Ariq\AppData\Roaming\MiKTeX\2.9\tex\latex\l3kernel\expl3-code.tex
Package: expl3 2016/10/19 v6730 L3 programming layer (code)
L3 Module: l3bootstrap 2016/06/13 v6596 L3 Bootstrap code
L3 Module: l3names 2016/10/13 v6722 L3 Namespace for primitives
L3 Module: l3basics 2016/09/01 v6696 L3 Basic definitions
L3 Module: l3expan 2016/08/19 v6684 L3 Argument expansion
L3 Module: l3tl 2016/08/19 v6692 L3 Token lists
L3 Module: l3str 2016/08/19 v6692 L3 Strings
L3 Module: l3seq 2016/08/19 v6685 L3 Sequences and stacks
L3 Module: l3int 2016/09/07 v6700 L3 Integers
\c_max_int=\count120
\l_tmpa_int=\count121
\l_tmpb_int=\count122
\g_tmpa_int=\count123
\g_tmpb_int=\count124
L3 Module: l3quark 2016/08/19 v6685 L3 Quarks
L3 Module: l3prg 2016/08/18 v6679 L3 Control structures
\g__prg_map_int=\count125
L3 Module: l3clist 2016/08/19 v6685 L3 Comma separated lists
L3 Module: l3token 2016/09/01 v6695 L3 Experimental token manipulation
L3 Module: l3prop 2016/08/19 v6685 L3 Property lists
L3 Module: l3msg 2016/08/19 v6691 L3 Messages
L3 Module: l3file 2016/08/19 v6685 L3 File and I/O operations
\l_iow_line_count_int=\count126
\l__iow_target_count_int=\count127
\l__iow_current_line_int=\count128
\l__iow_current_word_int=\count129
\l__iow_current_indentation_int=\count130
L3 Module: l3skip 2016/08/19 v6692 L3 Dimensions and skips
\c_zero_dim=\dimen131
\c_max_dim=\dimen132
\l_tmpa_dim=\dimen133
\l_tmpb_dim=\dimen134
\g_tmpa_dim=\dimen135
\g_tmpb_dim=\dimen136
\c_zero_skip=\skip59
\c_max_skip=\skip60
\l_tmpa_skip=\skip61
\l_tmpb_skip=\skip62
\g_tmpa_skip=\skip63
\g_tmpb_skip=\skip64
\c_zero_muskip=\muskip10
\c_max_muskip=\muskip11
\l_tmpa_muskip=\muskip12
\l_tmpb_muskip=\muskip13
\g_tmpa_muskip=\muskip14
\g_tmpb_muskip=\muskip15
L3 Module: l3keys 2016/09/21 v6711 L3 Key-value interfaces
\l_keys_choice_int=\count131
L3 Module: l3fp 2016/08/19 v6685 L3 Floating points
\c__fp_leading_shift_int=\count132
\c__fp_middle_shift_int=\count133
\c__fp_trailing_shift_int=\count134
\c__fp_big_leading_shift_int=\count135
\c__fp_big_middle_shift_int=\count136
\c__fp_big_trailing_shift_int=\count137
\c__fp_Bigg_leading_shift_int=\count138
\c__fp_Bigg_middle_shift_int=\count139
\c__fp_Bigg_trailing_shift_int=\count140
L3 Module: l3box 2016/08/19 v6685 L3 Experimental boxes
\c_empty_box=\box57
\l_tmpa_box=\box58
\l_tmpb_box=\box59
\g_tmpa_box=\box60
\g_tmpb_box=\box61
L3 Module: l3coffins 2016/08/19 v6685 L3 Coffin code layer
\l__coffin_internal_box=\box62
\l__coffin_internal_dim=\dimen137
\l__coffin_offset_x_dim=\dimen138
\l__coffin_offset_y_dim=\dimen139
\l__coffin_x_dim=\dimen140
\l__coffin_y_dim=\dimen141
\l__coffin_x_prime_dim=\dimen142
\l__coffin_y_prime_dim=\dimen143
\c_empty_coffin=\box63
\l__coffin_aligned_coffin=\box64
\l__coffin_aligned_internal_coffin=\box65
\l_tmpa_coffin=\box66
\l_tmpb_coffin=\box67
\l__coffin_display_coffin=\box68
\l__coffin_display_coord_coffin=\box69
\l__coffin_display_pole_coffin=\box70
\l__coffin_display_offset_dim=\dimen144
\l__coffin_display_x_dim=\dimen145
\l__coffin_display_y_dim=\dimen146
L3 Module: l3color 2016/06/13 v6596 L3 Experimental color support
L3 Module: l3sys 2015/09/25 v6087 L3 Experimental system/runtime functions
L3 Module: l3candidates 2016/08/19 v6688 L3 Experimental additions to l3kernel
\l__box_top_dim=\dimen147
\l__box_bottom_dim=\dimen148
\l__box_left_dim=\dimen149
\l__box_right_dim=\dimen150
\l__box_top_new_dim=\dimen151
\l__box_bottom_new_dim=\dimen152
\l__box_left_new_dim=\dimen153
\l__box_right_new_dim=\dimen154
\l__box_internal_box=\box71
\l__coffin_bounding_shift_dim=\dimen155
\l__coffin_left_corner_dim=\dimen156
\l__coffin_right_corner_dim=\dimen157
\l__coffin_bottom_corner_dim=\dimen158
\l__coffin_top_corner_dim=\dimen159
\l__coffin_scaled_total_height_dim=\dimen160
\l__coffin_scaled_width_dim=\dimen161
L3 Module: l3luatex 2016/08/18 v6679 L3 Experimental LuaTeX-specific functions
)
(C:\Users\Ariq\AppData\Roaming\MiKTeX\2.9\tex\latex\l3kernel\l3pdfmode.def
File: l3pdfmode.def 2016/08/18 v6679 L3 Experimental driver: PDF mode
\l__driver_color_stack_int=\count141
\l__driver_tmp_box=\box72
))
Package: kantlipsum 2012/10/14 v0.6 Dummy text in Kantian style

(C:\Users\Ariq\AppData\Roaming\MiKTeX\2.9\tex\latex\l3packages\xparse\xparse.sty
Package: xparse 2016/10/19 v6730 L3 Experimental document command parser
\l__xparse_current_arg_int=\count142
\l__xparse_m_args_int=\count143
\l__xparse_mandatory_args_int=\count144
\l__xparse_processor_int=\count145
\l__xparse_v_nesting_int=\count146
)
\l_kgl_start_int=\count147
\l_kgl_end_int=\count148
.................................................
. LaTeX info: "xparse/define-command"
. 
. Defining command \kant with sig. 's>{\SplitArgument {1}{-}}O{1-7}' on line
. 86.
.................................................
.................................................
. LaTeX info: "xparse/define-command"
. 
. Defining command \kantdef with sig. 'mm' on line 101.
.................................................
.................................................
. kantlipsum info: "how-many"
. 
. The package provides paragraphs 1 to 164. Values outside this range will be
. ignored.
.................................................
)
(C:\Users\Ariq\AppData\Roaming\MiKTeX\2.9\tex\latex\titlesec\titlesec.sty
Package: titlesec 2011/12/15 v2.10.0 Sectioning titles
\ttl@box=\box73
\beforetitleunit=\skip65
\aftertitleunit=\skip66
\ttl@plus=\dimen162
\ttl@minus=\dimen163
\ttl@toksa=\toks20
\titlewidth=\dimen164
\titlewidthlast=\dimen165
\titlewidthfirst=\dimen166
)
(C:\Users\Ariq\AppData\Roaming\MiKTeX\2.9\tex\latex\tocbibind\tocbibind.sty
Package: tocbibind 2010/10/13 v1.5k extra ToC listings
Package tocbibind Info: The document has chapter divisions on input line 50.


Package tocbibind Note: Using chapter style headings, unless overridden.

) (C:\Users\Ariq\AppData\Roaming\MiKTeX\2.9\tex\latex\tocloft\tocloft.sty
Package: tocloft 2013/05/02 v2.3f parameterised ToC, etc., typesetting
Package tocloft Info: The document has chapter divisions on input line 44.
\cftparskip=\skip67
\cftbeforetoctitleskip=\skip68
\cftaftertoctitleskip=\skip69
\cftbeforepartskip=\skip70
\cftpartnumwidth=\skip71
\cftpartindent=\skip72
\cftbeforechapskip=\skip73
\cftchapindent=\skip74
\cftchapnumwidth=\skip75
\cftbeforesecskip=\skip76
\cftsecindent=\skip77
\cftsecnumwidth=\skip78
\cftbeforesubsecskip=\skip79
\cftsubsecindent=\skip80
\cftsubsecnumwidth=\skip81
\cftbeforesubsubsecskip=\skip82
\cftsubsubsecindent=\skip83
\cftsubsubsecnumwidth=\skip84
\cftbeforeparaskip=\skip85
\cftparaindent=\skip86
\cftparanumwidth=\skip87
\cftbeforesubparaskip=\skip88
\cftsubparaindent=\skip89
\cftsubparanumwidth=\skip90
\cftbeforeloftitleskip=\skip91
\cftafterloftitleskip=\skip92
\cftbeforefigskip=\skip93
\cftfigindent=\skip94
\cftfignumwidth=\skip95
\c@lofdepth=\count149
\c@lotdepth=\count150
\cftbeforelottitleskip=\skip96
\cftafterlottitleskip=\skip97
\cftbeforetabskip=\skip98
\cfttabindent=\skip99
\cfttabnumwidth=\skip100
)
(C:\Users\Ariq\AppData\Roaming\MiKTeX\2.9\tex\latex\setspace\setspace.sty
Package: setspace 2011/12/19 v6.7a set line spacing
)
(C:\Users\Ariq\AppData\Roaming\MiKTeX\2.9\tex\latex\xstring\xstring.sty
(C:\Users\Ariq\AppData\Roaming\MiKTeX\2.9\tex\generic\xstring\xstring.tex
\@xs@message=\write3
\integerpart=\count151
\decimalpart=\count152
)
Package: xstring 2013/10/13  v1.7c  String manipulations (C Tellechea)
)
("C:\Program Files (x86)\MiKTeX 2.9\tex\latex\hyperref\hyperref.sty"
Package: hyperref 2012/11/06 v6.83m Hypertext links for LaTeX

("C:\Program Files (x86)\MiKTeX 2.9\tex\generic\oberdiek\hobsub-hyperref.sty"
Package: hobsub-hyperref 2012/04/25 v1.12 Bundle oberdiek, subset hyperref (HO)

("C:\Program Files (x86)\MiKTeX 2.9\tex\generic\oberdiek\hobsub-generic.sty"
Package: hobsub-generic 2012/04/25 v1.12 Bundle oberdiek, subset generic (HO)
Package: hobsub 2012/04/25 v1.12 Construct package bundles (HO)
Package hobsub Info: Skipping package `infwarerr' (already loaded).
Package hobsub Info: Skipping package `ltxcmds' (already loaded).
Package: ifluatex 2010/03/01 v1.3 Provides the ifluatex switch (HO)
Package ifluatex Info: LuaTeX not detected.
Package hobsub Info: Skipping package `ifvtex' (already loaded).
Package: intcalc 2007/09/27 v1.1 Expandable calculations with integers (HO)
Package hobsub Info: Skipping package `ifpdf' (already loaded).
Package: etexcmds 2011/02/16 v1.5 Avoid name clashes with e-TeX commands (HO)
Package etexcmds Info: Could not find \expanded.
(etexcmds)             That can mean that you are not using pdfTeX 1.50 or
(etexcmds)             that some package has redefined \expanded.
(etexcmds)             In the latter case, load this package earlier.
Package: kvsetkeys 2012/04/25 v1.16 Key value parser (HO)
Package: kvdefinekeys 2011/04/07 v1.3 Define keys (HO)
Package: pdftexcmds 2011/11/29 v0.20 Utility functions of pdfTeX for LuaTeX (HO)
Package pdftexcmds Info: LuaTeX not detected.
Package pdftexcmds Info: \pdf@primitive is available.
Package pdftexcmds Info: \pdf@ifprimitive is available.
Package pdftexcmds Info: \pdfdraftmode found.
Package: pdfescape 2011/11/25 v1.13 Implements pdfTeX's escape features (HO)
Package: bigintcalc 2012/04/08 v1.3 Expandable calculations on big integers (HO)
Package: bitset 2011/01/30 v1.1 Handle bit-vector datatype (HO)
Package: uniquecounter 2011/01/30 v1.2 Provide unlimited unique counter (HO)
)
Package hobsub Info: Skipping package `hobsub' (already loaded).
Package: letltxmacro 2010/09/02 v1.4 Let assignment for LaTeX macros (HO)
Package: hopatch 2011/06/24 v1.1 Wrapper for package hooks (HO)
Package: xcolor-patch 2011/01/30 xcolor patch
Package: atveryend 2011/06/30 v1.8 Hooks at the very end of document (HO)
Package: atbegshi 2011/10/05 v1.16 At begin shipout hook (HO)
Package: refcount 2011/10/16 v3.4 Data extraction from label references (HO)
Package: hycolor 2011/01/30 v1.7 Color options for hyperref/bookmark (HO)
)
("C:\Program Files (x86)\MiKTeX 2.9\tex\latex\oberdiek\auxhook.sty"
Package: auxhook 2011/03/04 v1.3 Hooks for auxiliary files (HO)
)
("C:\Program Files (x86)\MiKTeX 2.9\tex\latex\oberdiek\kvoptions.sty"
Package: kvoptions 2011/06/30 v3.11 Key value format for package options (HO)
)
\@linkdim=\dimen167
\Hy@linkcounter=\count153
\Hy@pagecounter=\count154

("C:\Program Files (x86)\MiKTeX 2.9\tex\latex\hyperref\pd1enc.def"
File: pd1enc.def 2012/11/06 v6.83m Hyperref: PDFDocEncoding definition (HO)
)
\Hy@SavedSpaceFactor=\count155

("C:\Program Files (x86)\MiKTeX 2.9\tex\latex\00miktex\hyperref.cfg"
File: hyperref.cfg 2002/06/06 v1.2 hyperref configuration of TeXLive
)
Package hyperref Info: Option `plainpages' set `false' on input line 4319.
Package hyperref Info: Option `pdfpagelabels' set `true' on input line 4319.
Package hyperref Info: Option `unicode' set `true' on input line 4319.

("C:\Program Files (x86)\MiKTeX 2.9\tex\latex\hyperref\puenc.def"
File: puenc.def 2012/11/06 v6.83m Hyperref: PDF Unicode definition (HO)
)
Package hyperref Info: Hyper figures OFF on input line 4443.
Package hyperref Info: Link nesting OFF on input line 4448.
Package hyperref Info: Hyper index ON on input line 4451.
Package hyperref Info: Plain pages OFF on input line 4458.
Package hyperref Info: Backreferencing OFF on input line 4463.
Package hyperref Info: Implicit mode ON; LaTeX internals redefined.
Package hyperref Info: Bookmarks ON on input line 4688.
\c@Hy@tempcnt=\count156

(C:\Users\Ariq\AppData\Roaming\MiKTeX\2.9\tex\latex\url\url.sty
\Urlmuskip=\muskip16
Package: url 2013/09/16  ver 3.4  Verb mode for urls, etc.
)
LaTeX Info: Redefining \url on input line 5041.
\XeTeXLinkMargin=\dimen168
\Fld@menulength=\count157
\Field@Width=\dimen169
\Fld@charsize=\dimen170
Package hyperref Info: Hyper figures OFF on input line 6295.
Package hyperref Info: Link nesting OFF on input line 6300.
Package hyperref Info: Hyper index ON on input line 6303.
Package hyperref Info: backreferencing OFF on input line 6310.
Package hyperref Info: Link coloring OFF on input line 6315.
Package hyperref Info: Link coloring with OCG OFF on input line 6320.
Package hyperref Info: PDF/A mode OFF on input line 6325.
LaTeX Info: Redefining \ref on input line 6365.
LaTeX Info: Redefining \pageref on input line 6369.
\Hy@abspage=\count158
\c@Item=\count159
\c@Hfootnote=\count160
)

Package hyperref Message: Driver (autodetected): hpdftex.

("C:\Program Files (x86)\MiKTeX 2.9\tex\latex\hyperref\hpdftex.def"
File: hpdftex.def 2012/11/06 v6.83m Hyperref driver for pdfTeX
\Fld@listcount=\count161
\c@bookmark@seq@number=\count162

("C:\Program Files (x86)\MiKTeX 2.9\tex\latex\oberdiek\rerunfilecheck.sty"
Package: rerunfilecheck 2011/04/15 v1.7 Rerun checks for auxiliary files (HO)
Package uniquecounter Info: New unique counter `rerunfilecheck' on input line 282.
)
\Hy@SectionHShift=\skip101
)
(C:\Users\Ariq\AppData\Roaming\MiKTeX\2.9\tex\latex\emptypage\emptypage.sty
Package: emptypage 2010/05/30 v1.2 Suppress page numbers and headings on empty pages
)
(C:\Users\Ariq\AppData\Roaming\MiKTeX\2.9\tex\latex\lcg\lcg.sty
Package: lcg 2013/08/09 v1.3 generating random numbers
\f@rst=\count163
\l@st=\count164
\cr@nd=\count165
\c@rand=\count166

Smallest possible random number: 1
Largest possible random number: 2147483647
The pseudo random numbers will be stored in the LaTeX counter `rand'
)
LaTeX Font Info:    Try loading font information for T1+lmr on input line 67.
 ("C:\Program Files (x86)\MiKTeX 2.9\tex\latex\lm\t1lmr.fd"
File: t1lmr.fd 2009/10/30 v1.6 Font defs for Latin Modern
)
Package hyperref Info: Option `unicode' set `true' on input line 274.
Package hyperref Info: Option `colorlinks' set `true' on input line 274.

\@input{data.aux}
(C:\Users\Ariq\Skripsi\doc\DokumenSkripsi\data.tex
(C:\Users\Ariq\AppData\Roaming\MiKTeX\2.9\tex\latex\booktabs\booktabs.sty
Package: booktabs 2005/04/14 v1.61803 publication quality tables
\heavyrulewidth=\dimen171
\lightrulewidth=\dimen172
\cmidrulewidth=\dimen173
\belowrulesep=\dimen174
\belowbottomsep=\dimen175
\aboverulesep=\dimen176
\abovetopsep=\dimen177
\cmidrulesep=\dimen178
\cmidrulekern=\dimen179
\defaultaddspace=\dimen180
\@cmidla=\count167
\@cmidlb=\count168
\@aboverulesep=\dimen181
\@belowrulesep=\dimen182
\@thisruleclass=\count169
\@lastruleclass=\count170
\@thisrulewidth=\dimen183
)
(C:\Users\Ariq\AppData\Roaming\MiKTeX\2.9\tex\latex\xcolor\xcolor.sty
Package: xcolor 2007/01/21 v2.11 LaTeX color extensions (UK)

("C:\Program Files (x86)\MiKTeX 2.9\tex\latex\00miktex\color.cfg"
File: color.cfg 2007/01/18 v1.5 color configuration of teTeX/TeXLive
)
Package xcolor Info: Driver file: pdftex.def on input line 225.

(C:\Users\Ariq\AppData\Roaming\MiKTeX\2.9\tex\latex\colortbl\colortbl.sty
Package: colortbl 2012/02/13 v1.0a Color table columns (DPC)

("C:\Program Files (x86)\MiKTeX 2.9\tex\latex\tools\array.sty"
Package: array 2008/09/09 v2.4c Tabular extension package (FMi)
\col@sep=\dimen184
\extrarowheight=\dimen185
\NC@list=\toks21
\extratabsurround=\skip102
\backup@length=\skip103
)
\everycr=\toks22
\minrowclearance=\skip104
)
LaTeX Info: Redefining \color on input line 702.
\rownum=\count171
Package xcolor Info: Model `cmy' substituted by `cmy0' on input line 1337.
Package xcolor Info: Model `hsb' substituted by `rgb' on input line 1341.
Package xcolor Info: Model `RGB' extended on input line 1353.
Package xcolor Info: Model `HTML' substituted by `rgb' on input line 1355.
Package xcolor Info: Model `Hsb' substituted by `hsb' on input line 1356.
Package xcolor Info: Model `tHsb' substituted by `hsb' on input line 1357.
Package xcolor Info: Model `HSB' substituted by `hsb' on input line 1358.
Package xcolor Info: Model `Gray' substituted by `gray' on input line 1359.
Package xcolor Info: Model `wave' substituted by `hsb' on input line 1360.
)
("C:\Program Files (x86)\MiKTeX 2.9\tex\latex\tools\longtable.sty"
Package: longtable 2004/02/01 v4.11 Multi-page Table package (DPC)
\LTleft=\skip105
\LTright=\skip106
\LTpre=\skip107
\LTpost=\skip108
\LTchunksize=\count172
\LTcapwidth=\dimen186
\LT@head=\box74
\LT@firsthead=\box75
\LT@foot=\box76
\LT@lastfoot=\box77
\LT@cols=\count173
\LT@rows=\count174
\c@LT@tables=\count175
\c@LT@chunks=\count176
\LT@p@ftn=\toks23
)
("C:\Program Files (x86)\MiKTeX 2.9\tex\latex\amsfonts\amssymb.sty"
Package: amssymb 2013/01/14 v3.01 AMS font symbols

("C:\Program Files (x86)\MiKTeX 2.9\tex\latex\amsfonts\amsfonts.sty"
Package: amsfonts 2013/01/14 v3.01 Basic AMSFonts support
\@emptytoks=\toks24
\symAMSa=\mathgroup4
\symAMSb=\mathgroup5
LaTeX Font Info:    Overwriting math alphabet `\mathfrak' in version `bold'
(Font)                  U/euf/m/n --> U/euf/b/n on input line 106.
))
(C:\Users\Ariq\AppData\Roaming\MiKTeX\2.9\tex\latex\todo\todo.sty
Package: todo 2010/03/31 v2.4142 To-do list (Federico Garcia)
\@todotoks=\toks25
\c@todo=\count177
)
("C:\Program Files (x86)\MiKTeX 2.9\tex\latex\tools\verbatim.sty"
Package: verbatim 2003/08/22 v1.5q LaTeX2e package for verbatim enhancements
\every@verbatim=\toks26
\verbatim@line=\toks27
\verbatim@in@stream=\read1
)
(C:\Users\Ariq\AppData\Roaming\MiKTeX\2.9\tex\latex\pgfplots\pgfplots.sty
(C:\Users\Ariq\AppData\Roaming\MiKTeX\2.9\tex\generic\pgfplots\pgfplots.revision.tex)
Package: pgfplots 2016/08/10 v1.14 Data Visualization (1.14)

(C:\Users\Ariq\AppData\Roaming\MiKTeX\2.9\tex\latex\pgf\frontendlayer\tikz.sty
(C:\Users\Ariq\AppData\Roaming\MiKTeX\2.9\tex\latex\pgf\basiclayer\pgf.sty
(C:\Users\Ariq\AppData\Roaming\MiKTeX\2.9\tex\latex\pgf\utilities\pgfrcs.sty
(C:\Users\Ariq\AppData\Roaming\MiKTeX\2.9\tex\generic\pgf\utilities\pgfutil-common.tex
\pgfutil@everybye=\toks28
\pgfutil@tempdima=\dimen187
\pgfutil@tempdimb=\dimen188

(C:\Users\Ariq\AppData\Roaming\MiKTeX\2.9\tex\generic\pgf\utilities\pgfutil-common-lists.tex))
(C:\Users\Ariq\AppData\Roaming\MiKTeX\2.9\tex\generic\pgf\utilities\pgfutil-latex.def
\pgfutil@abb=\box78

(C:\Users\Ariq\AppData\Roaming\MiKTeX\2.9\tex\latex\ms\everyshi.sty
Package: everyshi 2001/05/15 v3.00 EveryShipout Package (MS)
))
(C:\Users\Ariq\AppData\Roaming\MiKTeX\2.9\tex\generic\pgf\utilities\pgfrcs.code.tex
Package: pgfrcs 2015/08/07 v3.0.1a (rcs-revision 1.31)
))
Package: pgf 2015/08/07 v3.0.1a (rcs-revision 1.15)

(C:\Users\Ariq\AppData\Roaming\MiKTeX\2.9\tex\latex\pgf\basiclayer\pgfcore.sty
(C:\Users\Ariq\AppData\Roaming\MiKTeX\2.9\tex\latex\pgf\systemlayer\pgfsys.sty
(C:\Users\Ariq\AppData\Roaming\MiKTeX\2.9\tex\generic\pgf\systemlayer\pgfsys.code.tex
Package: pgfsys 2014/07/09 v3.0.1a (rcs-revision 1.48)

(C:\Users\Ariq\AppData\Roaming\MiKTeX\2.9\tex\generic\pgf\utilities\pgfkeys.code.tex
\pgfkeys@pathtoks=\toks29
\pgfkeys@temptoks=\toks30

(C:\Users\Ariq\AppData\Roaming\MiKTeX\2.9\tex\generic\pgf\utilities\pgfkeysfiltered.code.tex
\pgfkeys@tmptoks=\toks31
))
\pgf@x=\dimen189
\pgf@y=\dimen190
\pgf@xa=\dimen191
\pgf@ya=\dimen192
\pgf@xb=\dimen193
\pgf@yb=\dimen194
\pgf@xc=\dimen195
\pgf@yc=\dimen196
\w@pgf@writea=\write4
\r@pgf@reada=\read2
\c@pgf@counta=\count178
\c@pgf@countb=\count179
\c@pgf@countc=\count180
\c@pgf@countd=\count181
\t@pgf@toka=\toks32
\t@pgf@tokb=\toks33
\t@pgf@tokc=\toks34

(C:\Users\Ariq\AppData\Roaming\MiKTeX\2.9\tex\generic\pgf\systemlayer\pgf.cfg
File: pgf.cfg 2008/05/14  (rcs-revision 1.7)
)
Driver file for pgf: pgfsys-pdftex.def

(C:\Users\Ariq\AppData\Roaming\MiKTeX\2.9\tex\generic\pgf\systemlayer\pgfsys-pdftex.def
File: pgfsys-pdftex.def 2014/10/11  (rcs-revision 1.35)

(C:\Users\Ariq\AppData\Roaming\MiKTeX\2.9\tex\generic\pgf\systemlayer\pgfsys-common-pdf.def
File: pgfsys-common-pdf.def 2013/10/10  (rcs-revision 1.13)
)))
(C:\Users\Ariq\AppData\Roaming\MiKTeX\2.9\tex\generic\pgf\systemlayer\pgfsyssoftpath.code.tex
File: pgfsyssoftpath.code.tex 2013/09/09  (rcs-revision 1.9)
\pgfsyssoftpath@smallbuffer@items=\count182
\pgfsyssoftpath@bigbuffer@items=\count183
)
(C:\Users\Ariq\AppData\Roaming\MiKTeX\2.9\tex\generic\pgf\systemlayer\pgfsysprotocol.code.tex
File: pgfsysprotocol.code.tex 2006/10/16  (rcs-revision 1.4)
))
(C:\Users\Ariq\AppData\Roaming\MiKTeX\2.9\tex\generic\pgf\basiclayer\pgfcore.code.tex
Package: pgfcore 2010/04/11 v3.0.1a (rcs-revision 1.7)

(C:\Users\Ariq\AppData\Roaming\MiKTeX\2.9\tex\generic\pgf\math\pgfmath.code.tex
(C:\Users\Ariq\AppData\Roaming\MiKTeX\2.9\tex\generic\pgf\math\pgfmathcalc.code.tex
(C:\Users\Ariq\AppData\Roaming\MiKTeX\2.9\tex\generic\pgf\math\pgfmathutil.code.tex)
(C:\Users\Ariq\AppData\Roaming\MiKTeX\2.9\tex\generic\pgf\math\pgfmathparser.code.tex
\pgfmath@dimen=\dimen197
\pgfmath@count=\count184
\pgfmath@box=\box79
\pgfmath@toks=\toks35
\pgfmath@stack@operand=\toks36
\pgfmath@stack@operation=\toks37
)
(C:\Users\Ariq\AppData\Roaming\MiKTeX\2.9\tex\generic\pgf\math\pgfmathfunctions.code.tex
(C:\Users\Ariq\AppData\Roaming\MiKTeX\2.9\tex\generic\pgf\math\pgfmathfunctions.basic.code.tex)
(C:\Users\Ariq\AppData\Roaming\MiKTeX\2.9\tex\generic\pgf\math\pgfmathfunctions.trigonometric.code.tex)
(C:\Users\Ariq\AppData\Roaming\MiKTeX\2.9\tex\generic\pgf\math\pgfmathfunctions.random.code.tex)
(C:\Users\Ariq\AppData\Roaming\MiKTeX\2.9\tex\generic\pgf\math\pgfmathfunctions.comparison.code.tex)
(C:\Users\Ariq\AppData\Roaming\MiKTeX\2.9\tex\generic\pgf\math\pgfmathfunctions.base.code.tex)
(C:\Users\Ariq\AppData\Roaming\MiKTeX\2.9\tex\generic\pgf\math\pgfmathfunctions.round.code.tex)
(C:\Users\Ariq\AppData\Roaming\MiKTeX\2.9\tex\generic\pgf\math\pgfmathfunctions.misc.code.tex)
(C:\Users\Ariq\AppData\Roaming\MiKTeX\2.9\tex\generic\pgf\math\pgfmathfunctions.integerarithmetics.code.tex)))
(C:\Users\Ariq\AppData\Roaming\MiKTeX\2.9\tex\generic\pgf\math\pgfmathfloat.code.tex
\c@pgfmathroundto@lastzeros=\count185
))
(C:\Users\Ariq\AppData\Roaming\MiKTeX\2.9\tex\generic\pgf\basiclayer\pgfcorepoints.code.tex
File: pgfcorepoints.code.tex 2013/10/07  (rcs-revision 1.27)
\pgf@picminx=\dimen198
\pgf@picmaxx=\dimen199
\pgf@picminy=\dimen200
\pgf@picmaxy=\dimen201
Normal \dimen register pool exhausted, switching to extended pool.
\pgf@pathminx=\dimen256
\pgf@pathmaxx=\dimen257
\pgf@pathminy=\dimen258
\pgf@pathmaxy=\dimen259
\pgf@xx=\dimen260
\pgf@xy=\dimen261
\pgf@yx=\dimen262
\pgf@yy=\dimen263
\pgf@zx=\dimen264
\pgf@zy=\dimen265
)
(C:\Users\Ariq\AppData\Roaming\MiKTeX\2.9\tex\generic\pgf\basiclayer\pgfcorepathconstruct.code.tex
File: pgfcorepathconstruct.code.tex 2013/10/07  (rcs-revision 1.29)
\pgf@path@lastx=\dimen266
\pgf@path@lasty=\dimen267
)
(C:\Users\Ariq\AppData\Roaming\MiKTeX\2.9\tex\generic\pgf\basiclayer\pgfcorepathusage.code.tex
File: pgfcorepathusage.code.tex 2014/11/02  (rcs-revision 1.24)
\pgf@shorten@end@additional=\dimen268
\pgf@shorten@start@additional=\dimen269
)
(C:\Users\Ariq\AppData\Roaming\MiKTeX\2.9\tex\generic\pgf\basiclayer\pgfcorescopes.code.tex
File: pgfcorescopes.code.tex 2015/05/08  (rcs-revision 1.46)
\pgfpic=\box80
\pgf@hbox=\box81
\pgf@layerbox@main=\box82
\pgf@picture@serial@count=\count186
)
(C:\Users\Ariq\AppData\Roaming\MiKTeX\2.9\tex\generic\pgf\basiclayer\pgfcoregraphicstate.code.tex
File: pgfcoregraphicstate.code.tex 2014/11/02  (rcs-revision 1.12)
\pgflinewidth=\dimen270
)
(C:\Users\Ariq\AppData\Roaming\MiKTeX\2.9\tex\generic\pgf\basiclayer\pgfcoretransformations.code.tex
File: pgfcoretransformations.code.tex 2015/08/07  (rcs-revision 1.20)
\pgf@pt@x=\dimen271
\pgf@pt@y=\dimen272
\pgf@pt@temp=\dimen273
)
(C:\Users\Ariq\AppData\Roaming\MiKTeX\2.9\tex\generic\pgf\basiclayer\pgfcorequick.code.tex
File: pgfcorequick.code.tex 2008/10/09  (rcs-revision 1.3)
)
(C:\Users\Ariq\AppData\Roaming\MiKTeX\2.9\tex\generic\pgf\basiclayer\pgfcoreobjects.code.tex
File: pgfcoreobjects.code.tex 2006/10/11  (rcs-revision 1.2)
)
(C:\Users\Ariq\AppData\Roaming\MiKTeX\2.9\tex\generic\pgf\basiclayer\pgfcorepathprocessing.code.tex
File: pgfcorepathprocessing.code.tex 2013/09/09  (rcs-revision 1.9)
)
(C:\Users\Ariq\AppData\Roaming\MiKTeX\2.9\tex\generic\pgf\basiclayer\pgfcorearrows.code.tex
File: pgfcorearrows.code.tex 2015/05/14  (rcs-revision 1.43)
\pgfarrowsep=\dimen274
)
(C:\Users\Ariq\AppData\Roaming\MiKTeX\2.9\tex\generic\pgf\basiclayer\pgfcoreshade.code.tex
File: pgfcoreshade.code.tex 2013/07/15  (rcs-revision 1.15)
\pgf@max=\dimen275
\pgf@sys@shading@range@num=\count187
)
(C:\Users\Ariq\AppData\Roaming\MiKTeX\2.9\tex\generic\pgf\basiclayer\pgfcoreimage.code.tex
File: pgfcoreimage.code.tex 2013/07/15  (rcs-revision 1.18)

(C:\Users\Ariq\AppData\Roaming\MiKTeX\2.9\tex\generic\pgf\basiclayer\pgfcoreexternal.code.tex
File: pgfcoreexternal.code.tex 2014/07/09  (rcs-revision 1.21)
\pgfexternal@startupbox=\box83
))
(C:\Users\Ariq\AppData\Roaming\MiKTeX\2.9\tex\generic\pgf\basiclayer\pgfcorelayers.code.tex
File: pgfcorelayers.code.tex 2013/07/18  (rcs-revision 1.7)
)
(C:\Users\Ariq\AppData\Roaming\MiKTeX\2.9\tex\generic\pgf\basiclayer\pgfcoretransparency.code.tex
File: pgfcoretransparency.code.tex 2013/09/30  (rcs-revision 1.5)
)
(C:\Users\Ariq\AppData\Roaming\MiKTeX\2.9\tex\generic\pgf\basiclayer\pgfcorepatterns.code.tex
File: pgfcorepatterns.code.tex 2013/11/07  (rcs-revision 1.5)
)))
(C:\Users\Ariq\AppData\Roaming\MiKTeX\2.9\tex\generic\pgf\modules\pgfmoduleshapes.code.tex
File: pgfmoduleshapes.code.tex 2014/03/21  (rcs-revision 1.35)
\pgfnodeparttextbox=\box84
)
(C:\Users\Ariq\AppData\Roaming\MiKTeX\2.9\tex\generic\pgf\modules\pgfmoduleplot.code.tex
File: pgfmoduleplot.code.tex 2015/08/03  (rcs-revision 1.13)
)
(C:\Users\Ariq\AppData\Roaming\MiKTeX\2.9\tex\latex\pgf\compatibility\pgfcomp-version-0-65.sty
Package: pgfcomp-version-0-65 2007/07/03 v3.0.1a (rcs-revision 1.7)
\pgf@nodesepstart=\dimen276
\pgf@nodesepend=\dimen277
)
(C:\Users\Ariq\AppData\Roaming\MiKTeX\2.9\tex\latex\pgf\compatibility\pgfcomp-version-1-18.sty
Package: pgfcomp-version-1-18 2007/07/23 v3.0.1a (rcs-revision 1.1)
))
(C:\Users\Ariq\AppData\Roaming\MiKTeX\2.9\tex\latex\pgf\utilities\pgffor.sty
(C:\Users\Ariq\AppData\Roaming\MiKTeX\2.9\tex\latex\pgf\utilities\pgfkeys.sty
(C:\Users\Ariq\AppData\Roaming\MiKTeX\2.9\tex\generic\pgf\utilities\pgfkeys.code.tex))
(C:\Users\Ariq\AppData\Roaming\MiKTeX\2.9\tex\latex\pgf\math\pgfmath.sty
(C:\Users\Ariq\AppData\Roaming\MiKTeX\2.9\tex\generic\pgf\math\pgfmath.code.tex))
(C:\Users\Ariq\AppData\Roaming\MiKTeX\2.9\tex\generic\pgf\utilities\pgffor.code.tex
Package: pgffor 2013/12/13 v3.0.1a (rcs-revision 1.25)

(C:\Users\Ariq\AppData\Roaming\MiKTeX\2.9\tex\generic\pgf\math\pgfmath.code.tex)
\pgffor@iter=\dimen278
\pgffor@skip=\dimen279
\pgffor@stack=\toks38
\pgffor@toks=\toks39
))
(C:\Users\Ariq\AppData\Roaming\MiKTeX\2.9\tex\generic\pgf\frontendlayer\tikz\tikz.code.tex
Package: tikz 2015/08/07 v3.0.1a (rcs-revision 1.151)

(C:\Users\Ariq\AppData\Roaming\MiKTeX\2.9\tex\generic\pgf\libraries\pgflibraryplothandlers.code.tex
File: pgflibraryplothandlers.code.tex 2013/08/31 v3.0.1a (rcs-revision 1.20)
\pgf@plot@mark@count=\count188
\pgfplotmarksize=\dimen280
)
\tikz@lastx=\dimen281
\tikz@lasty=\dimen282
\tikz@lastxsaved=\dimen283
\tikz@lastysaved=\dimen284
\tikzleveldistance=\dimen285
\tikzsiblingdistance=\dimen286
\tikz@figbox=\box85
\tikz@figbox@bg=\box86
\tikz@tempbox=\box87
\tikz@tempbox@bg=\box88
\tikztreelevel=\count189
\tikznumberofchildren=\count190
\tikznumberofcurrentchild=\count191
\tikz@fig@count=\count192

(C:\Users\Ariq\AppData\Roaming\MiKTeX\2.9\tex\generic\pgf\modules\pgfmodulematrix.code.tex
File: pgfmodulematrix.code.tex 2013/09/17  (rcs-revision 1.8)
\pgfmatrixcurrentrow=\count193
\pgfmatrixcurrentcolumn=\count194
\pgf@matrix@numberofcolumns=\count195
)
\tikz@expandcount=\count196

(C:\Users\Ariq\AppData\Roaming\MiKTeX\2.9\tex\generic\pgf\frontendlayer\tikz\libraries\tikzlibrarytopaths.code.tex
File: tikzlibrarytopaths.code.tex 2008/06/17 v3.0.1a (rcs-revision 1.2)
)))
(C:\Users\Ariq\AppData\Roaming\MiKTeX\2.9\tex\generic\pgfplots\pgfplots.code.tex
(C:\Users\Ariq\AppData\Roaming\MiKTeX\2.9\tex\generic\pgfplots\pgfplotscore.code.tex
\t@pgfplots@toka=\toks40
\t@pgfplots@tokb=\toks41
\t@pgfplots@tokc=\toks42
\pgfplots@tmpa=\dimen287
\c@pgfplots@coordindex=\count197
\c@pgfplots@scanlineindex=\count198

(C:\Users\Ariq\AppData\Roaming\MiKTeX\2.9\tex\generic\pgfplots\sys\pgfplotssysgeneric.code.tex))
(C:\Users\Ariq\AppData\Roaming\MiKTeX\2.9\tex\generic\pgfplots\libs\pgfplotslibrary.code.tex)
(C:\Users\Ariq\AppData\Roaming\MiKTeX\2.9\tex\generic\pgfplots\oldpgfcompatib\pgfplotsoldpgfsupp_loader.code.tex
(C:\Users\Ariq\AppData\Roaming\MiKTeX\2.9\tex\generic\pgf\libraries\pgflibraryfpu.code.tex)
Package pgfplots: loading complementary arithmetics for your pgf version...
(C:\Users\Ariq\AppData\Roaming\MiKTeX\2.9\tex\generic\pgfplots\oldpgfcompatib\pgfplotsoldpgfsupp_pgflibraryfpu.code.tex)
(C:\Users\Ariq\AppData\Roaming\MiKTeX\2.9\tex\generic\pgfplots\oldpgfcompatib\pgfplotsoldpgfsupp_pgfmathfloat.code.tex
\c@pgfmathroundto@lastzeros=\count199
)) (C:\Users\Ariq\AppData\Roaming\MiKTeX\2.9\tex\generic\pgfplots\util\pgfplotsutil.code.tex
(C:\Users\Ariq\AppData\Roaming\MiKTeX\2.9\tex\generic\pgfplots\liststructure\pgfplotsliststructure.code.tex)
(C:\Users\Ariq\AppData\Roaming\MiKTeX\2.9\tex\generic\pgfplots\liststructure\pgfplotsliststructureext.code.tex)
(C:\Users\Ariq\AppData\Roaming\MiKTeX\2.9\tex\generic\pgfplots\liststructure\pgfplotsarray.code.tex
\c@pgfplotsarray@tmp=\count200
)
(C:\Users\Ariq\AppData\Roaming\MiKTeX\2.9\tex\generic\pgfplots\liststructure\pgfplotsmatrix.code.tex)
(C:\Users\Ariq\AppData\Roaming\MiKTeX\2.9\tex\generic\pgfplots\numtable\pgfplotstableshared.code.tex
\c@pgfplotstable@counta=\count201
\t@pgfplotstable@a=\toks43
)
(C:\Users\Ariq\AppData\Roaming\MiKTeX\2.9\tex\generic\pgfplots\liststructure\pgfplotsdeque.code.tex)
(C:\Users\Ariq\AppData\Roaming\MiKTeX\2.9\tex\generic\pgfplots\util\pgfplotsbinary.code.tex
(C:\Users\Ariq\AppData\Roaming\MiKTeX\2.9\tex\generic\pgfplots\util\pgfplotsbinary.data.code.tex))
(C:\Users\Ariq\AppData\Roaming\MiKTeX\2.9\tex\generic\pgfplots\util\pgfplotsutil.verb.code.tex)
(C:\Users\Ariq\AppData\Roaming\MiKTeX\2.9\tex\generic\pgfplots\libs\pgflibrarypgfplots.surfshading.code.tex
Normal \count register pool exhausted, switching to extended pool.
\c@pgfplotslibrarysurf@no=\count277

(C:\Users\Ariq\AppData\Roaming\MiKTeX\2.9\tex\generic\pgfplots\sys\pgflibrarypgfplots.surfshading.pgfsys-pdftex.def)))
(C:\Users\Ariq\AppData\Roaming\MiKTeX\2.9\tex\generic\pgfplots\util\pgfplotscolormap.code.tex
(C:\Users\Ariq\AppData\Roaming\MiKTeX\2.9\tex\generic\pgfplots\util\pgfplotscolor.code.tex))
(C:\Users\Ariq\AppData\Roaming\MiKTeX\2.9\tex\generic\pgfplots\pgfplotsstackedplots.code.tex)
(C:\Users\Ariq\AppData\Roaming\MiKTeX\2.9\tex\generic\pgfplots\pgfplotsplothandlers.code.tex
(C:\Users\Ariq\AppData\Roaming\MiKTeX\2.9\tex\generic\pgfplots\pgfplotsmeshplothandler.code.tex
(C:\Users\Ariq\AppData\Roaming\MiKTeX\2.9\tex\generic\pgfplots\pgfplotsmeshplotimage.code.tex)))
(C:\Users\Ariq\AppData\Roaming\MiKTeX\2.9\tex\generic\pgfplots\pgfplots.scaling.code.tex)
(C:\Users\Ariq\AppData\Roaming\MiKTeX\2.9\tex\generic\pgfplots\pgfplotscoordprocessing.code.tex)
(C:\Users\Ariq\AppData\Roaming\MiKTeX\2.9\tex\generic\pgfplots\pgfplots.errorbars.code.tex)
(C:\Users\Ariq\AppData\Roaming\MiKTeX\2.9\tex\generic\pgfplots\pgfplots.markers.code.tex)
(C:\Users\Ariq\AppData\Roaming\MiKTeX\2.9\tex\generic\pgfplots\pgfplotsticks.code.tex)
(C:\Users\Ariq\AppData\Roaming\MiKTeX\2.9\tex\generic\pgfplots\pgfplots.paths.code.tex)
(C:\Users\Ariq\AppData\Roaming\MiKTeX\2.9\tex\generic\pgf\frontendlayer\tikz\libraries\tikzlibrarydecorations.code.tex
(C:\Users\Ariq\AppData\Roaming\MiKTeX\2.9\tex\generic\pgf\modules\pgfmoduledecorations.code.tex
\pgfdecoratedcompleteddistance=\dimen288
\pgfdecoratedremainingdistance=\dimen289
\pgfdecoratedinputsegmentcompleteddistance=\dimen290
\pgfdecoratedinputsegmentremainingdistance=\dimen291
\pgf@decorate@distancetomove=\dimen292
\pgf@decorate@repeatstate=\count278
\pgfdecorationsegmentamplitude=\dimen293
\pgfdecorationsegmentlength=\dimen294
)
\tikz@lib@dec@box=\box89
)
(C:\Users\Ariq\AppData\Roaming\MiKTeX\2.9\tex\generic\pgf\frontendlayer\tikz\libraries\tikzlibrarydecorations.pathmorphi
ng.code.tex
(C:\Users\Ariq\AppData\Roaming\MiKTeX\2.9\tex\generic\pgf\libraries\decorations\pgflibrarydecorations.pathmorphing.code.
tex))
(C:\Users\Ariq\AppData\Roaming\MiKTeX\2.9\tex\generic\pgf\frontendlayer\tikz\libraries\tikzlibrarydecorations.pathreplac
ing.code.tex
(C:\Users\Ariq\AppData\Roaming\MiKTeX\2.9\tex\generic\pgf\libraries\decorations\pgflibrarydecorations.pathreplacing.code
.tex))
\pgfplots@numplots=\count279
\pgfplots@xmin@reg=\dimen295
\pgfplots@xmax@reg=\dimen296
\pgfplots@ymin@reg=\dimen297
\pgfplots@ymax@reg=\dimen298
\pgfplots@zmin@reg=\dimen299
\pgfplots@zmax@reg=\dimen300
)
(C:\Users\Ariq\AppData\Roaming\MiKTeX\2.9\tex\generic\pgf\frontendlayer\tikz\libraries\tikzlibraryplotmarks.code.tex
File: tikzlibraryplotmarks.code.tex 2008/01/09 v3.0.1a (rcs-revision 1.1)

(C:\Users\Ariq\AppData\Roaming\MiKTeX\2.9\tex\generic\pgf\libraries\pgflibraryplotmarks.code.tex
File: pgflibraryplotmarks.code.tex 2015/08/03 v3.0.1a (rcs-revision 1.14)
)))
(C:\Users\Ariq\AppData\Roaming\MiKTeX\2.9\tex\generic\pgf\frontendlayer\tikz\libraries\tikzlibrarypatterns.code.tex
File: tikzlibrarypatterns.code.tex 2008/01/15 v3.0.1a (rcs-revision 1.2)

(C:\Users\Ariq\AppData\Roaming\MiKTeX\2.9\tex\generic\pgf\libraries\pgflibrarypatterns.code.tex
File: pgflibrarypatterns.code.tex 2008/03/03 v3.0.1a (rcs-revision 1.13)
)))
\@input{dosen.aux}
(C:\Users\Ariq\Skripsi\doc\DokumenSkripsi\dosen.tex) (C:\Users\Ariq\Skripsi\doc\DokumenSkripsi\skripsi.aux
(C:\Users\Ariq\Skripsi\doc\DokumenSkripsi\Bab/bab1.aux) (C:\Users\Ariq\Skripsi\doc\DokumenSkripsi\Bab/bab2.aux

LaTeX Warning: Label `subs:Layout' multiply defined.

) (C:\Users\Ariq\Skripsi\doc\DokumenSkripsi\Bab/bab3.aux) (C:\Users\Ariq\Skripsi\doc\DokumenSkripsi\Bab/bab4.aux

LaTeX Warning: Label `fig:pemodelan-kelas' multiply defined.


LaTeX Warning: Label `tab:excel_converter' multiply defined.


LaTeX Warning: Label `fig:jadwalpng' multiply defined.

) (C:\Users\Ariq\Skripsi\doc\DokumenSkripsi\Bab/bab5.aux

LaTeX Warning: Label `fig:implementAntarmuka' multiply defined.

) (C:\Users\Ariq\Skripsi\doc\DokumenSkripsi\Bab/bab6.aux) (C:\Users\Ariq\Skripsi\doc\DokumenSkripsi\Bab/bab7.aux)
(C:\Users\Ariq\Skripsi\doc\DokumenSkripsi\Bab/bab8.aux) (C:\Users\Ariq\Skripsi\doc\DokumenSkripsi\Bab/bab9.aux)
(C:\Users\Ariq\Skripsi\doc\DokumenSkripsi\Lampiran/lampA.aux)
(C:\Users\Ariq\Skripsi\doc\DokumenSkripsi\Lampiran/lampB.aux)
(C:\Users\Ariq\Skripsi\doc\DokumenSkripsi\Lampiran/lampC.aux)
(C:\Users\Ariq\Skripsi\doc\DokumenSkripsi\Lampiran/lampD.aux)
(C:\Users\Ariq\Skripsi\doc\DokumenSkripsi\Lampiran/lampE.aux)
(C:\Users\Ariq\Skripsi\doc\DokumenSkripsi\Lampiran/lampF.aux)
(C:\Users\Ariq\Skripsi\doc\DokumenSkripsi\Lampiran/lampG.aux)
(C:\Users\Ariq\Skripsi\doc\DokumenSkripsi\Lampiran/lampH.aux)
(C:\Users\Ariq\Skripsi\doc\DokumenSkripsi\Lampiran/lampI.aux))
LaTeX Font Info:    Checking defaults for OML/cmm/m/it on input line 284.
LaTeX Font Info:    ... okay on input line 284.
LaTeX Font Info:    Checking defaults for T1/cmr/m/n on input line 284.
LaTeX Font Info:    ... okay on input line 284.
LaTeX Font Info:    Checking defaults for OT1/cmr/m/n on input line 284.
LaTeX Font Info:    ... okay on input line 284.
LaTeX Font Info:    Checking defaults for OMS/cmsy/m/n on input line 284.
LaTeX Font Info:    ... okay on input line 284.
LaTeX Font Info:    Checking defaults for OMX/cmex/m/n on input line 284.
LaTeX Font Info:    ... okay on input line 284.
LaTeX Font Info:    Checking defaults for U/cmr/m/n on input line 284.
LaTeX Font Info:    ... okay on input line 284.
LaTeX Font Info:    Checking defaults for PD1/pdf/m/n on input line 284.
LaTeX Font Info:    ... okay on input line 284.
LaTeX Font Info:    Checking defaults for PU/pdf/m/n on input line 284.
LaTeX Font Info:    ... okay on input line 284.

(C:\Users\Ariq\AppData\Roaming\MiKTeX\2.9\tex\context\base\supp-pdf.mkii
[Loading MPS to PDF converter (version 2006.09.02).]
\scratchcounter=\count280
\scratchdimen=\dimen301
\scratchbox=\box90
\nofMPsegments=\count281
\nofMParguments=\count282
\everyMPshowfont=\toks44
\MPscratchCnt=\count283
\MPscratchDim=\dimen302
\MPnumerator=\count284
\makeMPintoPDFobject=\count285
\everyMPtoPDFconversion=\toks45
)
*geometry* driver: auto-detecting
*geometry* detected driver: pdftex
*geometry* verbose mode - [ preamble ] result:
* driver: pdftex
* paper: a4paper
* layout: <same size as paper>
* layoutoffset:(h,v)=(0.0pt,0.0pt)
* modes: twoside 
* h-part:(L,W,R)=(71.13188pt, 469.47049pt, 56.9055pt)
* v-part:(T,H,B)=(71.13188pt, 702.78308pt, 71.13188pt)
* \paperwidth=597.50787pt
* \paperheight=845.04684pt
* \textwidth=469.47049pt
* \textheight=702.78308pt
* \oddsidemargin=-1.1381pt
* \evensidemargin=-15.36449pt
* \topmargin=-38.1381pt
* \headheight=15.0pt
* \headsep=25.0pt
* \topskip=11.0pt
* \footskip=30.0pt
* \marginparwidth=103.0pt
* \marginparsep=10.0pt
* \columnsep=10.0pt
* \skip\footins=10.0pt plus 4.0pt minus 2.0pt
* \hoffset=0.0pt
* \voffset=0.0pt
* \mag=1000
* \@twocolumnfalse
* \@twosidetrue
* \@mparswitchtrue
* \@reversemarginfalse
* (1in=72.27pt=25.4mm, 1cm=28.453pt)

\c@lstlisting=\count286
\AtBeginShipoutBox=\box91
Package hyperref Info: Link coloring ON on input line 284.
("C:\Program Files (x86)\MiKTeX 2.9\tex\latex\hyperref\nameref.sty"
Package: nameref 2012/10/27 v2.43 Cross-referencing by name of section

("C:\Program Files (x86)\MiKTeX 2.9\tex\generic\oberdiek\gettitlestring.sty"
Package: gettitlestring 2010/12/03 v1.4 Cleanup title references (HO)
)
\c@section@level=\count287
)
LaTeX Info: Redefining \ref on input line 284.
LaTeX Info: Redefining \pageref on input line 284.
LaTeX Info: Redefining \nameref on input line 284.

(C:\Users\Ariq\Skripsi\doc\DokumenSkripsi\skripsi.out) (C:\Users\Ariq\Skripsi\doc\DokumenSkripsi\skripsi.out)
\@outlinefile=\write5

ABD: EveryShipout initializing macros
Package pgfplots notification 'compat/show suggested version=true': document has been generated with the most recent fea
ture set (\pgfplotsset{compat=1.14}).

<Gambar/logo-unpar.png, id=266, 360.59718pt x 356.0803pt>
File: Gambar/logo-unpar.png Graphic file (type png)
 <use Gambar/logo-unpar.png>
Package pdftex.def Info: Gambar/logo-unpar.png used on input line 474.
(pdftex.def)             Requested size: 144.23631pt x 142.4296pt.
 [1





{C:/Users/Ariq/AppData/Local/MiKTeX/2.9/pdftex/config/pdftex.map} <C:/Users/Ariq/Skripsi/doc/DokumenSkripsi/Gambar/logo-
unpar.png>] [2

]
File: Gambar/logo-unpar.png Graphic file (type png)

<use Gambar/logo-unpar.png>
Package pdftex.def Info: Gambar/logo-unpar.png used on input line 474.
(pdftex.def)             Requested size: 144.23631pt x 142.4296pt.
 [3] [4

] [5] [6

]
LaTeX Font Info:    Try loading font information for OT1+lmr on input line 474.
 ("C:\Program Files (x86)\MiKTeX 2.9\tex\latex\lm\ot1lmr.fd"
File: ot1lmr.fd 2009/10/30 v1.6 Font defs for Latin Modern
)
LaTeX Font Info:    Try loading font information for OML+lmm on input line 474.

("C:\Program Files (x86)\MiKTeX 2.9\tex\latex\lm\omllmm.fd"
File: omllmm.fd 2009/10/30 v1.6 Font defs for Latin Modern
)
LaTeX Font Info:    Try loading font information for OMS+lmsy on input line 474.
 ("C:\Program Files (x86)\MiKTeX 2.9\tex\latex\lm\omslmsy.fd"
File: omslmsy.fd 2009/10/30 v1.6 Font defs for Latin Modern
)
LaTeX Font Info:    Try loading font information for OMX+lmex on input line 474.
 ("C:\Program Files (x86)\MiKTeX 2.9\tex\latex\lm\omxlmex.fd"
File: omxlmex.fd 2009/10/30 v1.6 Font defs for Latin Modern
)
LaTeX Font Info:    External font `lmex10' loaded for size
(Font)              <10.95> on input line 474.
LaTeX Font Info:    External font `lmex10' loaded for size
(Font)              <8> on input line 474.
LaTeX Font Info:    External font `lmex10' loaded for size
(Font)              <6> on input line 474.
LaTeX Font Info:    Try loading font information for U+msa on input line 474.

("C:\Program Files (x86)\MiKTeX 2.9\tex\latex\amsfonts\umsa.fd"
File: umsa.fd 2013/01/14 v3.01 AMS symbols A
)
LaTeX Font Info:    Try loading font information for U+msb on input line 474.

("C:\Program Files (x86)\MiKTeX 2.9\tex\latex\amsfonts\umsb.fd"
File: umsb.fd 2013/01/14 v3.01 AMS symbols B
) [7] [8

] [9] [10

] [11] [12

] [13] [14

] [15

] [16

]
(C:\Users\Ariq\Skripsi\doc\DokumenSkripsi\skripsi.toc
LaTeX Font Info:    Font shape `T1/lmr/bx/sc' in size <10.95> not available
(Font)              Font shape `T1/cmr/bx/sc' tried instead on input line 2.
 [17])
\tf@toc=\write6
 [18] (C:\Users\Ariq\Skripsi\doc\DokumenSkripsi\skripsi.lof)
\tf@lof=\write7

[19] (C:\Users\Ariq\Skripsi\doc\DokumenSkripsi\skripsi.lot [20])
\tf@lot=\write8
 [21] [22

]
(C:\Users\Ariq\Skripsi\doc\DokumenSkripsi\Bab/bab1.tex
Bab 1.
[1



]
LaTeX Font Info:    Try loading font information for OMS+lmr on input line 34.
 ("C:\Program Files (x86)\MiKTeX 2.9\tex\latex\lm\omslmr.fd"
File: omslmr.fd 2009/10/30 v1.6 Font defs for Latin Modern
)
LaTeX Font Info:    Font shape `OMS/lmr/m/n' in size <10.95> not available
(Font)              Font shape `OMS/lmsy/m/n' tried instead on input line 34.
) [2]
(C:\Users\Ariq\Skripsi\doc\DokumenSkripsi\Bab/bab2.tex
Bab 2.

Underfull \hbox (badness 10000) in paragraph at lines 9--10

 []

[3



]
Underfull \hbox (badness 10000) in paragraph at lines 44--45

 []

[4] [5] [6]
Underfull \hbox (badness 10000) in paragraph at lines 209--210

 []


LaTeX Warning: Citation `tutpoint' on page 7 undefined on input line 211.


LaTeX Warning: Citation `tutpoint' on page 7 undefined on input line 215.

[7]
Overfull \hbox (2.57745pt too wide) in paragraph at lines 263--264
\T1/lmr/m/n/10.95 XSSFCellStyle me-ru-pak-an se-bu-ah ke-las yang ber-a-da di-ba-wah \T1/lmr/m/it/10.95 pac-ka-ge \T1/lm
r/bx/n/10.95 org.apache.poi.usermodel\T1/lmr/m/n/10.95 .
 []


LaTeX Warning: Citation `tutpoint' on page 8 undefined on input line 267.


Underfull \hbox (badness 10000) in paragraph at lines 267--268

 []

[8] [9]
Underfull \hbox (badness 10000) in paragraph at lines 374--386

 []

[10]

LaTeX Warning: Citation `tutpoint' on page 11 undefined on input line 426.


Overfull \hbox (13.55933pt too wide) in paragraph at lines 474--482
 [][] 
 []

[11]

LaTeX Warning: Citation `tutpoint' on page 12 undefined on input line 518.


Underfull \hbox (badness 10000) in paragraph at lines 539--542

 []

[12] [13] [14] [15] [16] [17]
Overfull \vbox (79.88853pt too high) has occurred while \output is active []

 [18]
Underfull \vbox (badness 10000) detected at line 862
 []

[19]
Overfull \vbox (156.08849pt too high) has occurred while \output is active []

 [20]
<Gambar/arsitekturJavaFX.png, id=760, 551.05875pt x 177.66376pt>
File: Gambar/arsitekturJavaFX.png Graphic file (type png)
 <use Gambar/arsitekturJavaFX.png>
Package pdftex.def Info: Gambar/arsitekturJavaFX.png used on input line 963.
(pdftex.def)             Requested size: 385.73848pt x 124.36377pt.
 [21] [22 <C:/Users/Ariq/Skripsi/doc/DokumenSkripsi/Gambar/arsitekturJavaFX.png (PNG copy)>] [23]
<Gambar/JavaFXuicontrols.png, id=813, 371.13657pt x 373.395pt>
File: Gambar/JavaFXuicontrols.png Graphic file (type png)
 <use Gambar/JavaFXuicontrols.png>
Package pdftex.def Info: Gambar/JavaFXuicontrols.png used on input line 1060.
(pdftex.def)             Requested size: 296.90965pt x 298.7164pt.
 [24] [25 <C:/Users/Ariq/Skripsi/doc/DokumenSkripsi/Gambar/JavaFXuicontrols.png (PNG copy)>] [26] [27]) [28]
(C:\Users\Ariq\Skripsi\doc\DokumenSkripsi\Bab/bab3.tex
Bab 3.
<Gambar/scJadwal.png, id=863, 788.19469pt x 398.23781pt>
File: Gambar/scJadwal.png Graphic file (type png)
 <use Gambar/scJadwal.png>
Package pdftex.def Info: Gambar/scJadwal.png used on input line 11.
(pdftex.def)             Requested size: 394.09637pt x 199.11841pt.
 [29



 <C:/Users/Ariq/Skripsi/doc/DokumenSkripsi/Gambar/scJadwal.png>] [30] <Gambar/useCaseJadwal.png, id=882, 608.2725pt x 55
2.56438pt>
File: Gambar/useCaseJadwal.png Graphic file (type png)

<use Gambar/useCaseJadwal.png>
Package pdftex.def Info: Gambar/useCaseJadwal.png used on input line 90.
(pdftex.def)             Requested size: 304.13551pt x 276.28151pt.


LaTeX Warning: `h' float specifier changed to `ht'.


Underfull \hbox (badness 10000) in paragraph at lines 95--97

 []

[31] <Gambar/Memasukan-Excel-Jadwal-Mengawas-Ujian.png, id=894, 636.87938pt x 280.79906pt>
File: Gambar/Memasukan-Excel-Jadwal-Mengawas-Ujian.png Graphic file (type png)

<use Gambar/Memasukan-Excel-Jadwal-Mengawas-Ujian.png>
Package pdftex.def Info: Gambar/Memasukan-Excel-Jadwal-Mengawas-Ujian.png used on input line 142.
(pdftex.def)             Requested size: 318.4389pt x 140.39919pt.


LaTeX Warning: `h' float specifier changed to `ht'.

[32 <C:/Users/Ariq/Skripsi/doc/DokumenSkripsi/Gambar/useCaseJadwal.png>]
<Gambar/Sorting-Nama-Dosen.png, id=902, 532.99126pt x 280.79906pt>
File: Gambar/Sorting-Nama-Dosen.png Graphic file (type png)
 <use Gambar/Sorting-Nama-Dosen.png>
Package pdftex.def Info: Gambar/Sorting-Nama-Dosen.png used on input line 157.
(pdftex.def)             Requested size: 266.49498pt x 140.39919pt.

<Gambar/Unduh-File-iCal.png, id=903, 767.86874pt x 283.0575pt>
File: Gambar/Unduh-File-iCal.png Graphic file (type png)
 <use Gambar/Unduh-File-iCal.png>
Package pdftex.def Info: Gambar/Unduh-File-iCal.png used on input line 171.
(pdftex.def)             Requested size: 383.93343pt x 141.5284pt.
 [33 <C:/Users/Ariq/Skripsi/doc/DokumenSkripsi/Gambar/Memasukan-Excel-Jadwal-Mengawas-Ujian.png> <C:/Users/Ariq/Skripsi/
doc/DokumenSkripsi/Gambar/Sorting-Nama-Dosen.png>] <Gambar/pemodelan-kelas.png, id=918, 734.745pt x 411.03563pt>
File: Gambar/pemodelan-kelas.png Graphic file (type png)

<use Gambar/pemodelan-kelas.png>
Package pdftex.def Info: Gambar/pemodelan-kelas.png used on input line 189.
(pdftex.def)             Requested size: 367.3716pt x 205.5173pt.
 [34 <C:/Users/Ariq/Skripsi/doc/DokumenSkripsi/Gambar/Unduh-File-iCal.png> <C:/Users/Ariq/Skripsi/doc/DokumenSkripsi/Gam
bar/pemodelan-kelas.png>]) [35] (C:\Users\Ariq\Skripsi\doc\DokumenSkripsi\Bab/bab4.tex
[36



]
Bab 4.
<Gambar/kelas-diagram.png, id=944, 1081.03876pt x 864.22874pt>
File: Gambar/kelas-diagram.png Graphic file (type png)
 <use Gambar/kelas-diagram.png>
Package pdftex.def Info: Gambar/kelas-diagram.png used on input line 10.
(pdftex.def)             Requested size: 432.40784pt x 345.68536pt.
 [37 <C:/Users/Ariq/Skripsi/doc/DokumenSkripsi/Gambar/kelas-diagram.png>]
Underfull \hbox (badness 10000) in paragraph at lines 65--65
[]|\T1/lmr/m/n/10.95 Konstruktor un-tuk
 []


Underfull \hbox (badness 10000) in paragraph at lines 65--65
\T1/lmr/m/n/10.95 da-ri excel meng-a-was
 []


Underfull \hbox (badness 10000) in paragraph at lines 67--67
[]|\T1/lmr/m/n/10.95 Mengabungkan en-tri
 []

[38]
Underfull \hbox (badness 10000) in paragraph at lines 92--92
[]|\T1/lmr/m/n/10.95 Atribut me-nam-pilk-an
 []


Underfull \hbox (badness 10000) in paragraph at lines 94--94
[]|\T1/lmr/m/n/10.95 Atribut me-nam-pilk-an
 []


Underfull \hbox (badness 10000) in paragraph at lines 95--95
[]|\T1/lmr/m/n/10.95 Atribut un-tuk me-
 []


Underfull \hbox (badness 10000) in paragraph at lines 96--96
[]|\T1/lmr/m/n/10.95 Atribut un-tuk me-
 []


Underfull \hbox (badness 10000) in paragraph at lines 96--96
\T1/lmr/m/n/10.95 nyimp-an da-ta yang
 []


Underfull \hbox (badness 7291) in paragraph at lines 98--98
[]|\T1/lmr/m/n/10.95 Method un-tuk me-la-
 []


Underfull \hbox (badness 10000) in paragraph at lines 103--103
[]|\T1/lmr/m/n/10.95 Mencocokan na-ma
 []


Underfull \hbox (badness 2626) in paragraph at lines 103--103
\T1/lmr/m/n/10.95 do-sen se-su-ai yang di
 []

[39] <Gambar/antarmuka.png, id=959, 624.3325pt x 434.62375pt>
File: Gambar/antarmuka.png Graphic file (type png)
 <use Gambar/antarmuka.png>
Package pdftex.def Info: Gambar/antarmuka.png used on input line 127.
(pdftex.def)             Requested size: 312.16548pt x 217.31134pt.

<Gambar/antarmuka3.png, id=960, 624.3325pt x 434.62375pt>
File: Gambar/antarmuka3.png Graphic file (type png)
 <use Gambar/antarmuka3.png>
Package pdftex.def Info: Gambar/antarmuka3.png used on input line 134.
(pdftex.def)             Requested size: 312.16548pt x 217.31134pt.

<Gambar/antarmuka2.png, id=961, 615.57036pt x 379.20494pt>
File: Gambar/antarmuka2.png Graphic file (type png)
 <use Gambar/antarmuka2.png>
Package pdftex.def Info: Gambar/antarmuka2.png used on input line 141.
(pdftex.def)             Requested size: 307.78442pt x 189.602pt.
 [40 <C:/Users/Ariq/Skripsi/doc/DokumenSkripsi/Gambar/antarmuka.png> <C:/Users/Ariq/Skripsi/doc/DokumenSkripsi/Gambar/an
tarmuka3.png>]
<Gambar/antarmuka4.png, id=970, 624.3325pt x 434.62375pt>
File: Gambar/antarmuka4.png Graphic file (type png)
 <use Gambar/antarmuka4.png>
Package pdftex.def Info: Gambar/antarmuka4.png used on input line 148.
(pdftex.def)             Requested size: 312.16548pt x 217.31134pt.

Underfull \hbox (badness 10000) in paragraph at lines 170--171
[]\T1/lmr/m/n/10.95 Masukan se-mua ke-da-lam se-bu-ah ar-ra-
 []

[41 <C:/Users/Ariq/Skripsi/doc/DokumenSkripsi/Gambar/antarmuka2.png> <C:/Users/Ariq/Skripsi/doc/DokumenSkripsi/Gambar/an
tarmuka4.png>] [42]) [43] (C:\Users\Ariq\Skripsi\doc\DokumenSkripsi\Bab/bab5.tex [44



]
Bab 5.
<Gambar/scheduleClass.png, id=1016, 256.70906pt x 95.6072pt>
File: Gambar/scheduleClass.png Graphic file (type png)
 <use Gambar/scheduleClass.png>
Package pdftex.def Info: Gambar/scheduleClass.png used on input line 31.
(pdftex.def)             Requested size: 205.36751pt x 76.48584pt.

<Gambar/scheduleClass5.png, id=1017, 420.82219pt x 144.54pt>
File: Gambar/scheduleClass5.png Graphic file (type png)
 <use Gambar/scheduleClass5.png>
Package pdftex.def Info: Gambar/scheduleClass5.png used on input line 34.
(pdftex.def)             Requested size: 336.6582pt x 115.63214pt.

<Gambar/scheduleClass1.png, id=1018, 822.07124pt x 271.76532pt>
File: Gambar/scheduleClass1.png Graphic file (type png)
 <use Gambar/scheduleClass1.png>
Package pdftex.def Info: Gambar/scheduleClass1.png used on input line 37.
(pdftex.def)             Requested size: 657.65788pt x 217.41254pt.

Overfull \hbox (188.1874pt too wide) in paragraph at lines 37--38
[][] 
 []

[45 <C:/Users/Ariq/Skripsi/doc/DokumenSkripsi/Gambar/scheduleClass.png>]
<Gambar/scheduleClass2.png, id=1026, 333.49594pt x 331.99031pt>
File: Gambar/scheduleClass2.png Graphic file (type png)
 <use Gambar/scheduleClass2.png>
Package pdftex.def Info: Gambar/scheduleClass2.png used on input line 40.
(pdftex.def)             Requested size: 266.7971pt x 265.59259pt.

<Gambar/scheduleClass3.png, id=1027, 317.68687pt x 417.05812pt>
File: Gambar/scheduleClass3.png Graphic file (type png)
 <use Gambar/scheduleClass3.png>
Package pdftex.def Info: Gambar/scheduleClass3.png used on input line 43.
(pdftex.def)             Requested size: 254.14983pt x 333.64694pt.

<Gambar/scheduleClass4.png, id=1028, 305.64188pt x 204.765pt>
File: Gambar/scheduleClass4.png Graphic file (type png)
 <use Gambar/scheduleClass4.png>
Package pdftex.def Info: Gambar/scheduleClass4.png used on input line 46.
(pdftex.def)             Requested size: 244.51381pt x 163.8122pt.
 [46 <C:/Users/Ariq/Skripsi/doc/DokumenSkripsi/Gambar/scheduleClass5.png> <C:/Users/Ariq/Skripsi/doc/DokumenSkripsi/Gamb
ar/scheduleClass1.png> <C:/Users/Ariq/Skripsi/doc/DokumenSkripsi/Gambar/scheduleClass2.png>]
<Gambar/excelConverter.png, id=1036, 304.13625pt x 228.10219pt>
File: Gambar/excelConverter.png Graphic file (type png)
 <use Gambar/excelConverter.png>
Package pdftex.def Info: Gambar/excelConverter.png used on input line 50.
(pdftex.def)             Requested size: 243.30933pt x 182.48198pt.

<Gambar/excelConverter1.png, id=1037, 471.26062pt x 367.3725pt>
File: Gambar/excelConverter1.png Graphic file (type png)
 <use Gambar/excelConverter1.png>
Package pdftex.def Info: Gambar/excelConverter1.png used on input line 53.
(pdftex.def)             Requested size: 377.00902pt x 293.89838pt.
 [47 <C:/Users/Ariq/Skripsi/doc/DokumenSkripsi/Gambar/scheduleClass3.png> <C:/Users/Ariq/Skripsi/doc/DokumenSkripsi/Gamb
ar/scheduleClass4.png>]
<Gambar/excelConverter2.png, id=1045, 609.02531pt x 354.57469pt>
File: Gambar/excelConverter2.png Graphic file (type png)
 <use Gambar/excelConverter2.png>
Package pdftex.def Info: Gambar/excelConverter2.png used on input line 56.
(pdftex.def)             Requested size: 487.2209pt x 283.66013pt.

Overfull \hbox (17.75041pt too wide) in paragraph at lines 56--57
[][] 
 []

<Gambar/excelConverter3.png, id=1046, 617.30624pt x 313.9228pt>
File: Gambar/excelConverter3.png Graphic file (type png)
 <use Gambar/excelConverter3.png>
Package pdftex.def Info: Gambar/excelConverter3.png used on input line 59.
(pdftex.def)             Requested size: 493.84566pt x 251.13857pt.

Overfull \hbox (24.37517pt too wide) in paragraph at lines 59--60
[][] 
 []

[48 <C:/Users/Ariq/Skripsi/doc/DokumenSkripsi/Gambar/excelConverter.png> <C:/Users/Ariq/Skripsi/doc/DokumenSkripsi/Gamba
r/excelConverter1.png>] <Gambar/excelConverter4.png, id=1053, 642.14906pt x 364.36125pt>
File: Gambar/excelConverter4.png Graphic file (type png)

<use Gambar/excelConverter4.png>
Package pdftex.def Info: Gambar/excelConverter4.png used on input line 62.
(pdftex.def)             Requested size: 513.71994pt x 291.48938pt.

Overfull \hbox (44.24945pt too wide) in paragraph at lines 62--63
[][] 
 []

<Gambar/excelConverter5.png, id=1054, 578.91281pt x 313.17pt>
File: Gambar/excelConverter5.png Graphic file (type png)
 <use Gambar/excelConverter5.png>
Package pdftex.def Info: Gambar/excelConverter5.png used on input line 65.
(pdftex.def)             Requested size: 463.13087pt x 250.53633pt.
 [49 <C:/Users/Ariq/Skripsi/doc/DokumenSkripsi/Gambar/excelConverter2.png> <C:/Users/Ariq/Skripsi/doc/DokumenSkripsi/Gam
bar/excelConverter3.png>]
<Gambar/excelConverter6.png, id=1061, 490.83376pt x 144.54pt>
File: Gambar/excelConverter6.png Graphic file (type png)
 <use Gambar/excelConverter6.png>
Package pdftex.def Info: Gambar/excelConverter6.png used on input line 68.
(pdftex.def)             Requested size: 392.66753pt x 115.63214pt.

<Gambar/excelConverter7.png, id=1062, 520.94624pt x 283.0575pt>
File: Gambar/excelConverter7.png Graphic file (type png)
 <use Gambar/excelConverter7.png>
Package pdftex.def Info: Gambar/excelConverter7.png used on input line 71.
(pdftex.def)             Requested size: 416.75757pt x 226.44629pt.

<Gambar/excelConverter8.png, id=1063, 685.05937pt x 215.30438pt>
File: Gambar/excelConverter8.png Graphic file (type png)
 <use Gambar/excelConverter8.png>
Package pdftex.def Info: Gambar/excelConverter8.png used on input line 74.
(pdftex.def)             Requested size: 479.53828pt x 150.71204pt.

Overfull \hbox (10.0678pt too wide) in paragraph at lines 74--75
[][] 
 []

[50 <C:/Users/Ariq/Skripsi/doc/DokumenSkripsi/Gambar/excelConverter4.png> <C:/Users/Ariq/Skripsi/doc/DokumenSkripsi/Gamb
ar/excelConverter5.png> <C:/Users/Ariq/Skripsi/doc/DokumenSkripsi/Gambar/excelConverter6.png>]
<Gambar/calConverter1.png, id=1071, 593.21625pt x 341.02406pt>
File: Gambar/calConverter1.png Graphic file (type png)
 <use Gambar/calConverter1.png>
Package pdftex.def Info: Gambar/calConverter1.png used on input line 78.
(pdftex.def)             Requested size: 474.57364pt x 272.81961pt.

Overfull \hbox (5.10315pt too wide) in paragraph at lines 78--79
[][] 
 []

<Gambar/calConverter2.png, id=1072, 560.8453pt x 301.125pt>
File: Gambar/calConverter2.png Graphic file (type png)
 <use Gambar/calConverter2.png>
Package pdftex.def Info: Gambar/calConverter2.png used on input line 81.
(pdftex.def)             Requested size: 448.67685pt x 240.90031pt.
 [51 <C:/Users/Ariq/Skripsi/doc/DokumenSkripsi/Gambar/excelConverter7.png> <C:/Users/Ariq/Skripsi/doc/DokumenSkripsi/Gam
bar/excelConverter8.png>]
<Gambar/calConverter3.png, id=1081, 605.26125pt x 300.3722pt>
File: Gambar/calConverter3.png Graphic file (type png)
 <use Gambar/calConverter3.png>
Package pdftex.def Info: Gambar/calConverter3.png used on input line 84.
(pdftex.def)             Requested size: 484.20964pt x 240.29807pt.

Overfull \hbox (14.73915pt too wide) in paragraph at lines 84--85
[][] 
 []

[52 <C:/Users/Ariq/Skripsi/doc/DokumenSkripsi/Gambar/calConverter1.png> <C:/Users/Ariq/Skripsi/doc/DokumenSkripsi/Gambar
/calConverter2.png>] <Gambar/controller.png, id=1088, 550.30594pt x 191.9672pt>
File: Gambar/controller.png Graphic file (type png)
 <use Gambar/controller.png>
Package pdftex.def Info: Gambar/controller.png used on input line 88.
(pdftex.def)             Requested size: 440.24535pt x 153.57396pt.

<Gambar/controller1.png, id=1089, 413.29407pt x 207.02344pt>
File: Gambar/controller1.png Graphic file (type png)
 <use Gambar/controller1.png>
Package pdftex.def Info: Gambar/controller1.png used on input line 91.
(pdftex.def)             Requested size: 330.6357pt x 165.61896pt.

<Gambar/controller2.png, id=1090, 644.4075pt x 367.3725pt>
File: Gambar/controller2.png Graphic file (type png)
 <use Gambar/controller2.png>
Package pdftex.def Info: Gambar/controller2.png used on input line 94.
(pdftex.def)             Requested size: 515.5267pt x 293.89838pt.

Overfull \hbox (46.05621pt too wide) in paragraph at lines 94--95
[][] 
 []

<Gambar/controller3.png, id=1091, 545.78906pt x 313.17pt>
File: Gambar/controller3.png Graphic file (type png)
 <use Gambar/controller3.png>
Package pdftex.def Info: Gambar/controller3.png used on input line 97.
(pdftex.def)             Requested size: 436.63184pt x 250.53633pt.
 [53 <C:/Users/Ariq/Skripsi/doc/DokumenSkripsi/Gambar/calConverter3.png> <C:/Users/Ariq/Skripsi/doc/DokumenSkripsi/Gamba
r/controller.png> <C:/Users/Ariq/Skripsi/doc/DokumenSkripsi/Gambar/controller1.png>] <Gambar/controller4.png, id=1100, 5
08.14844pt x 365.11406pt>
File: Gambar/controller4.png Graphic file (type png)

<use Gambar/controller4.png>
Package pdftex.def Info: Gambar/controller4.png used on input line 100.
(pdftex.def)             Requested size: 406.51929pt x 292.09163pt.
 <Gambar/controller5.png, id=1101, 682.80093pt x 322.95656pt>
File: Gambar/controller5.png Graphic file (type png)
 <use Gambar/controller5.png>
Package pdftex.def Info: Gambar/controller5.png used on input line 103.
(pdftex.def)             Requested size: 477.95738pt x 226.06804pt.

Overfull \hbox (8.4869pt too wide) in paragraph at lines 103--104
[][] 
 []

[54 <C:/Users/Ariq/Skripsi/doc/DokumenSkripsi/Gambar/controller2.png> <C:/Users/Ariq/Skripsi/doc/DokumenSkripsi/Gambar/c
ontroller3.png>] <Gambar/implementAntarmuka.png, id=1108, 544.28343pt x 330.48468pt>
File: Gambar/implementAntarmuka.png Graphic file (type png)

<use Gambar/implementAntarmuka.png>
Package pdftex.def Info: Gambar/implementAntarmuka.png used on input line 113.
(pdftex.def)             Requested size: 380.9958pt x 231.33769pt.
 [55 <C:/Users/Ariq/Skripsi/doc/DokumenSkripsi/Gambar/controller4.png> <C:/Users/Ariq/Skripsi/doc/DokumenSkripsi/Gambar/
controller5.png>]
<Gambar/implementAntarmuka2.png, id=1116, 546.54187pt x 331.2375pt>
File: Gambar/implementAntarmuka2.png Graphic file (type png)
 <use Gambar/implementAntarmuka2.png>
Package pdftex.def Info: Gambar/implementAntarmuka2.png used on input line 120.
(pdftex.def)             Requested size: 382.57669pt x 231.86465pt.

Underfull \hbox (badness 4660) in paragraph at lines 142--142
[]|\T1/lmr/m/n/10.95 PL da-pat me-la-kuk-an
 []


Underfull \hbox (badness 4660) in paragraph at lines 142--142
[]|\T1/lmr/m/n/10.95 PL da-pat me-la-kuk-an
 []


Underfull \hbox (badness 2310) in paragraph at lines 143--143
[]|\T1/lmr/m/n/10.95 PL da-pat me-nang-kap
 []


Underfull \hbox (badness 2310) in paragraph at lines 143--143
[]|\T1/lmr/m/n/10.95 PL da-pat me-nang-kap
 []


Underfull \hbox (badness 1043) in paragraph at lines 147--147
[]|\T1/lmr/m/n/10.95 Hasil Fil-ter da-pat di-
 []


Underfull \hbox (badness 1383) in paragraph at lines 148--148
[]|\T1/lmr/m/n/10.95 Import Go-o-gle Ca-len-
 []

[56 <C:/Users/Ariq/Skripsi/doc/DokumenSkripsi/Gambar/implementAntarmuka.png> <C:/Users/Ariq/Skripsi/doc/DokumenSkripsi/G
ambar/implementAntarmuka2.png>] <Gambar/browseFile.png, id=1127, 714.41907pt x 341.02406pt>
File: Gambar/browseFile.png Graphic file (type png)
 <use Gambar/browseFile.png>
Package pdftex.def Info: Gambar/browseFile.png used on input line 160.
(pdftex.def)             Requested size: 500.08994pt x 238.71521pt.

Overfull \hbox (30.61945pt too wide) in paragraph at lines 160--161
 [][] 
 []

[57] <Gambar/pathFile.png, id=1134, 538.26094pt x 80.55093pt>
File: Gambar/pathFile.png Graphic file (type png)
 <use Gambar/pathFile.png>
Package pdftex.def Info: Gambar/pathFile.png used on input line 167.
(pdftex.def)             Requested size: 376.78009pt x 56.38525pt.
File: Gambar/implementAntarmuka2.png Graphic file (type png)

<use Gambar/implementAntarmuka2.png>
Package pdftex.def Info: Gambar/implementAntarmuka2.png used on input line 174.
(pdftex.def)             Requested size: 382.57669pt x 231.86465pt.
 <Gambar/konversiiCal.png, id=1135, 465.99094pt x 511.15968pt>
File: Gambar/konversiiCal.png Graphic file (type png)

<use Gambar/konversiiCal.png>
Package pdftex.def Info: Gambar/konversiiCal.png used on input line 181.
(pdftex.def)             Requested size: 232.99489pt x 255.57921pt.
 [58 <C:/Users/Ariq/Skripsi/doc/DokumenSkripsi/Gambar/browseFile.png> <C:/Users/Ariq/Skripsi/doc/DokumenSkripsi/Gambar/p
athFile.png>] <Gambar/fileiCal.png, id=1144, 330.48468pt x 180.675pt>
File: Gambar/fileiCal.png Graphic file (type png)

<use Gambar/fileiCal.png>
Package pdftex.def Info: Gambar/fileiCal.png used on input line 188.
(pdftex.def)             Requested size: 231.33769pt x 126.47162pt.
 <Gambar/filterDosen.png, id=1145, 536.75531pt x 331.99031pt>
File: Gambar/filterDosen.png Graphic file (type png)
 <use Gambar/filterDosen.png>
Package pdftex.def Info: Gambar/filterDosen.png used on input line 195.
(pdftex.def)             Requested size: 375.72614pt x 232.39162pt.

[59 <C:/Users/Ariq/Skripsi/doc/DokumenSkripsi/Gambar/konversiiCal.png> <C:/Users/Ariq/Skripsi/doc/DokumenSkripsi/Gambar/
fileiCal.png>] <Gambar/filterKonvertiCal.png, id=1154, 460.72125pt x 490.08093pt>
File: Gambar/filterKonvertiCal.png Graphic file (type png)
 <use Gambar/filterKonvertiCal.png>
Package pdftex.def Info: Gambar/filterKonvertiCal.png used on input line 202.
(pdftex.def)             Requested size: 230.36006pt x 245.03987pt.

<Gambar/fileiCalFilter.png, id=1155, 324.46219pt x 200.24812pt>
File: Gambar/fileiCalFilter.png Graphic file (type png)
 <use Gambar/fileiCalFilter.png>
Package pdftex.def Info: Gambar/fileiCalFilter.png used on input line 209.
(pdftex.def)             Requested size: 162.23068pt x 100.12381pt.
 [60 <C:/Users/Ariq/Skripsi/doc/DokumenSkripsi/Gambar/filterDosen.png> <C:/Users/Ariq/Skripsi/doc/DokumenSkripsi/Gambar/
filterKonvertiCal.png>]
<Gambar/importGC.png, id=1163, 405.76593pt x 228.10219pt>
File: Gambar/importGC.png Graphic file (type png)
 <use Gambar/importGC.png>
Package pdftex.def Info: Gambar/importGC.png used on input line 217.
(pdftex.def)             Requested size: 284.03421pt x 159.67043pt.

<Gambar/hasilGC.png, id=1164, 651.18282pt x 268.75406pt>
File: Gambar/hasilGC.png Graphic file (type png)
 <use Gambar/hasilGC.png>
Package pdftex.def Info: Gambar/hasilGC.png used on input line 224.
(pdftex.def)             Requested size: 455.82486pt x 188.12656pt.

<Gambar/hasilGC2.png, id=1165, 709.90219pt x 404.26031pt>
File: Gambar/hasilGC2.png Graphic file (type png)
 <use Gambar/hasilGC2.png>
Package pdftex.def Info: Gambar/hasilGC2.png used on input line 231.
(pdftex.def)             Requested size: 354.95023pt x 202.12965pt.
 [61 <C:/Users/Ariq/Skripsi/doc/DokumenSkripsi/Gambar/fileiCalFilter.png> <C:/Users/Ariq/Skripsi/doc/DokumenSkripsi/Gamb
ar/importGC.png> <C:/Users/Ariq/Skripsi/doc/DokumenSkripsi/Gambar/hasilGC.png>] <Gambar/hasilOutlook.png, id=1174, 388.4
5125pt x 152.06813pt>
File: Gambar/hasilOutlook.png Graphic file (type png)

<use Gambar/hasilOutlook.png>
Package pdftex.def Info: Gambar/hasilOutlook.png used on input line 239.
(pdftex.def)             Requested size: 271.914pt x 106.44695pt.
 <Gambar/importGCFilter.png, id=1175, 386.19281pt x 197.98969pt>
File: Gambar/importGCFilter.png Graphic file (type png)

<use Gambar/importGCFilter.png>
Package pdftex.def Info: Gambar/importGCFilter.png used on input line 247.
(pdftex.def)             Requested size: 270.33311pt x 138.59183pt.
 <Gambar/hasilGCFilter.png, id=1176, 630.10406pt x 271.0125pt>
File: Gambar/hasilGCFilter.png Graphic file (type png)

<use Gambar/hasilGCFilter.png>
Package pdftex.def Info: Gambar/hasilGCFilter.png used on input line 254.
(pdftex.def)             Requested size: 441.06984pt x 189.70744pt.
 [62 <C:/Users/Ariq/Skripsi/doc/DokumenSkripsi/Gambar/hasilGC2.png> <C:/Users/Ariq/Skripsi/doc/DokumenSkripsi/Gambar/has
ilOutlook.png> <C:/Users/Ariq/Skripsi/doc/DokumenSkripsi/Gambar/importGCFilter.png>]
<Gambar/hasilGCFilter2.png, id=1186, 718.18312pt x 398.99063pt>
File: Gambar/hasilGCFilter2.png Graphic file (type png)
 <use Gambar/hasilGCFilter2.png>
Package pdftex.def Info: Gambar/hasilGCFilter2.png used on input line 261.
(pdftex.def)             Requested size: 359.09068pt x 199.49483pt.

<Gambar/hasilOutlookFilter.png, id=1187, 381.67593pt x 180.675pt>
File: Gambar/hasilOutlookFilter.png Graphic file (type png)
 <use Gambar/hasilOutlookFilter.png>
Package pdftex.def Info: Gambar/hasilOutlookFilter.png used on input line 269.
(pdftex.def)             Requested size: 267.17133pt x 126.47162pt.
) [63 <C:/Users/Ariq/Skripsi/doc/DokumenSkripsi/Gambar/hasilGCFilter.png> <C:/Users/Ariq/Skripsi/doc/DokumenSkripsi/Gamb
ar/hasilGCFilter2.png> <C:/Users/Ariq/Skripsi/doc/DokumenSkripsi/Gambar/hasilOutlookFilter.png>]
(C:\Users\Ariq\Skripsi\doc\DokumenSkripsi\Bab/bab6.tex) (C:\Users\Ariq\Skripsi\doc\DokumenSkripsi\Bab/bab7.tex)
(C:\Users\Ariq\Skripsi\doc\DokumenSkripsi\Bab/bab8.tex) (C:\Users\Ariq\Skripsi\doc\DokumenSkripsi\Bab/bab9.tex)
(C:\Users\Ariq\Skripsi\doc\DokumenSkripsi\skripsi.bbl [64










]
LaTeX Font Info:    Try loading font information for T1+lmtt on input line 5.
 ("C:\Program Files (x86)\MiKTeX 2.9\tex\latex\lm\t1lmtt.fd"
File: t1lmtt.fd 2009/10/30 v1.6 Font defs for Latin Modern
)) [65] (C:\Users\Ariq\Skripsi\doc\DokumenSkripsi\Lampiran/lampA.tex [66


]
Lampiran A.
(C:\Users\Ariq\AppData\Roaming\MiKTeX\2.9\tex\latex\listings\lstlang1.sty
File: lstlang1.sty 2014/09/06 1.5e listings language file
)
LaTeX Font Info:    Font shape `OMS/lmr/m/n' in size <6> not available
(Font)              Font shape `OMS/lmsy/m/n' tried instead on input line 20.
LaTeX Font Info:    External font `lmex10' loaded for size
(Font)              <5> on input line 51.
) [67]
(C:\Users\Ariq\Skripsi\doc\DokumenSkripsi\Lampiran/lampB.tex [68



]
Lampiran B.
) [69] (C:\Users\Ariq\Skripsi\doc\DokumenSkripsi\Lampiran/lampC.tex)
(C:\Users\Ariq\Skripsi\doc\DokumenSkripsi\Lampiran/lampD.tex)
(C:\Users\Ariq\Skripsi\doc\DokumenSkripsi\Lampiran/lampE.tex)
(C:\Users\Ariq\Skripsi\doc\DokumenSkripsi\Lampiran/lampF.tex)
(C:\Users\Ariq\Skripsi\doc\DokumenSkripsi\Lampiran/lampG.tex)
(C:\Users\Ariq\Skripsi\doc\DokumenSkripsi\Lampiran/lampH.tex)
(C:\Users\Ariq\Skripsi\doc\DokumenSkripsi\Lampiran/lampI.tex)
Package atveryend Info: Empty hook `BeforeClearDocument' on input line 514.
Package atveryend Info: Empty hook `AfterLastShipout' on input line 514.
 (C:\Users\Ariq\Skripsi\doc\DokumenSkripsi\skripsi.aux
(C:\Users\Ariq\Skripsi\doc\DokumenSkripsi\Bab/bab1.aux) (C:\Users\Ariq\Skripsi\doc\DokumenSkripsi\Bab/bab2.aux)
(C:\Users\Ariq\Skripsi\doc\DokumenSkripsi\Bab/bab3.aux) (C:\Users\Ariq\Skripsi\doc\DokumenSkripsi\Bab/bab4.aux)
(C:\Users\Ariq\Skripsi\doc\DokumenSkripsi\Bab/bab5.aux) (C:\Users\Ariq\Skripsi\doc\DokumenSkripsi\Bab/bab6.aux)
(C:\Users\Ariq\Skripsi\doc\DokumenSkripsi\Bab/bab7.aux) (C:\Users\Ariq\Skripsi\doc\DokumenSkripsi\Bab/bab8.aux)
(C:\Users\Ariq\Skripsi\doc\DokumenSkripsi\Bab/bab9.aux) (C:\Users\Ariq\Skripsi\doc\DokumenSkripsi\Lampiran/lampA.aux)
(C:\Users\Ariq\Skripsi\doc\DokumenSkripsi\Lampiran/lampB.aux)
(C:\Users\Ariq\Skripsi\doc\DokumenSkripsi\Lampiran/lampC.aux)
(C:\Users\Ariq\Skripsi\doc\DokumenSkripsi\Lampiran/lampD.aux)
(C:\Users\Ariq\Skripsi\doc\DokumenSkripsi\Lampiran/lampE.aux)
(C:\Users\Ariq\Skripsi\doc\DokumenSkripsi\Lampiran/lampF.aux)
(C:\Users\Ariq\Skripsi\doc\DokumenSkripsi\Lampiran/lampG.aux)
(C:\Users\Ariq\Skripsi\doc\DokumenSkripsi\Lampiran/lampH.aux)
(C:\Users\Ariq\Skripsi\doc\DokumenSkripsi\Lampiran/lampI.aux))
Package atveryend Info: Executing hook `AtVeryEndDocument' on input line 514.
Package atveryend Info: Executing hook `AtEndAfterFileList' on input line 514.
Package rerunfilecheck Info: File `skripsi.out' has not changed.
(rerunfilecheck)             Checksum: 3117A20A1EFC1D1317E4FE1943253B69;9992.


LaTeX Warning: There were undefined references.


LaTeX Warning: There were multiply-defined labels.

 ) 
Here is how much of TeX's memory you used:
 41296 strings out of 493921
 906021 string characters out of 3144880
 1703454 words of memory out of 3000000
 43332 multiletter control sequences out of 15000+200000
 71570 words of font info for 54 fonts, out of 3000000 for 9000
 845 hyphenation exceptions out of 8191
 73i,13n,122p,10422b,1982s stack positions out of 5000i,500n,10000p,200000b,50000s
{C:/Program Files (x86)/MiKTeX 2.9/fonts/enc/dvips/lm/lm-mathsy.enc}{C:/Program Files (x86)/MiKTeX 2.9/fonts/enc/dvips
/lm/lm-mathit.enc}{C:/Program Files (x86)/MiKTeX 2.9/fonts/enc/dvips/lm/lm-rm.enc}{C:/Program Files (x86)/MiKTeX 2.9/fon
ts/enc/dvips/lm/lm-ec.enc} <C:\Users\Ariq\AppData\Local\MiKTeX\2.9\fonts\pk\ljfour\jknappen\ec\dpi600\ecxc1095.pk><C:/Pr
ogram Files (x86)/MiKTeX 2.9/fonts/type1/public/lm/lmbx10.pfb><C:/Program Files (x86)/MiKTeX 2.9/fonts/type1/public/lm/l
mbx12.pfb><C:/Program Files (x86)/MiKTeX 2.9/fonts/type1/public/lm/lmbx6.pfb><C:/Program Files (x86)/MiKTeX 2.9/fonts/ty
pe1/public/lm/lmbxi10.pfb><C:/Program Files (x86)/MiKTeX 2.9/fonts/type1/public/lm/lmcsc10.pfb><C:/Program Files (x86)/M
iKTeX 2.9/fonts/type1/public/lm/lmmi10.pfb><C:/Program Files (x86)/MiKTeX 2.9/fonts/type1/public/lm/lmmi8.pfb><C:/Progra
m Files (x86)/MiKTeX 2.9/fonts/type1/public/lm/lmr10.pfb><C:/Program Files (x86)/MiKTeX 2.9/fonts/type1/public/lm/lmr6.p
fb><C:/Program Files (x86)/MiKTeX 2.9/fonts/type1/public/lm/lmri10.pfb><C:/Program Files (x86)/MiKTeX 2.9/fonts/type1/pu
blic/lm/lmri12.pfb><C:/Program Files (x86)/MiKTeX 2.9/fonts/type1/public/lm/lmsy10.pfb><C:/Program Files (x86)/MiKTeX 2.
9/fonts/type1/public/lm/lmsy6.pfb><C:/Program Files (x86)/MiKTeX 2.9/fonts/type1/public/lm/lmsy8.pfb><C:/Program Files (
x86)/MiKTeX 2.9/fonts/type1/public/lm/lmtt10.pfb>
Output written on skripsi.pdf (91 pages, 1890260 bytes).
PDF statistics:
 1495 PDF objects out of 1728 (max. 8388607)
 474 named destinations out of 1000 (max. 500000)
 808 words of extra memory for PDF output out of 10000 (max. 10000000)

